<?xml version="1.0" encoding="UTF-8"?>
<coverage generated="1534844539287" clover="3.2.0">
  <project timestamp="1534844539287" name="All files">
    <metrics statements="408" coveredstatements="378" conditionals="134" coveredconditionals="110" methods="85" coveredmethods="84" elements="627" coveredelements="572" complexity="0" loc="408" ncloc="408" packages="5" files="25" classes="25">
      <package name="yorlang">
        <metrics statements="77" coveredstatements="75" conditionals="32" coveredconditionals="31" methods="27" coveredmethods="27"/>
        <file name="constants.js" path="/Users/karounwi.anuoluwapo/Documents/personal work/yorlang/constants.js">
          <metrics statements="7" coveredstatements="7" conditionals="0" coveredconditionals="0" methods="0" coveredmethods="0"/>
          <line num="1" count="19" type="stmt"/>
          <line num="18" count="19" type="stmt"/>
          <line num="53" count="19" type="stmt"/>
          <line num="76" count="19" type="stmt"/>
          <line num="81" count="19" type="stmt"/>
          <line num="88" count="19" type="stmt"/>
          <line num="109" count="19" type="stmt"/>
        </file>
        <file name="inputstream.js" path="/Users/karounwi.anuoluwapo/Documents/personal work/yorlang/inputstream.js">
          <metrics statements="15" coveredstatements="15" conditionals="2" coveredconditionals="2" methods="6" coveredmethods="6"/>
          <line num="1" count="19" type="stmt"/>
          <line num="6" count="108" type="stmt"/>
          <line num="7" count="108" type="stmt"/>
          <line num="8" count="108" type="stmt"/>
          <line num="9" count="108" type="stmt"/>
          <line num="14" count="1814" type="stmt"/>
          <line num="16" count="1814" type="cond" truecount="2" falsecount="0"/>
          <line num="17" count="40" type="stmt"/>
          <line num="19" count="1774" type="stmt"/>
          <line num="22" count="1814" type="stmt"/>
          <line num="27" count="5817" type="stmt"/>
          <line num="31" count="19" type="stmt"/>
          <line num="35" count="526" type="stmt"/>
          <line num="39" count="2402" type="stmt"/>
          <line num="43" count="19" type="stmt"/>
        </file>
        <file name="lexer.js" path="/Users/karounwi.anuoluwapo/Documents/personal work/yorlang/lexer.js">
          <metrics statements="55" coveredstatements="53" conditionals="30" coveredconditionals="29" methods="21" coveredmethods="21"/>
          <line num="1" count="18" type="stmt"/>
          <line num="6" count="103" type="stmt"/>
          <line num="7" count="103" type="stmt"/>
          <line num="8" count="103" type="stmt"/>
          <line num="12" count="1198" type="stmt"/>
          <line num="16" count="273" type="stmt"/>
          <line num="20" count="1186" type="stmt"/>
          <line num="24" count="184" type="stmt"/>
          <line num="28" count="191" type="stmt"/>
          <line num="32" count="611" type="stmt"/>
          <line num="36" count="832" type="stmt"/>
          <line num="38" count="832" type="cond" truecount="2" falsecount="0"/>
          <line num="39" count="1569" type="stmt"/>
          <line num="42" count="832" type="stmt"/>
          <line num="46" count="18" type="stmt"/>
          <line num="47" count="18" type="stmt"/>
          <line num="48" count="18" type="stmt"/>
          <line num="49" count="173" type="cond" truecount="2" falsecount="0"/>
          <line num="52" count="18" type="cond" truecount="2" falsecount="0"/>
          <line num="53" count="17" type="stmt"/>
          <line num="55" count="1" type="stmt"/>
          <line num="57" count="17" type="stmt"/>
          <line num="61" count="176" type="stmt"/>
          <line num="63" count="176" type="stmt"/>
          <line num="70" count="54" type="stmt"/>
          <line num="71" count="54" type="stmt"/>
          <line num="72" count="122" type="cond" truecount="2" falsecount="0"/>
          <line num="73" count="4" type="cond" truecount="2" falsecount="0"/>
          <line num="74" count="3" type="stmt"/>
          <line num="75" count="3" type="stmt"/>
          <line num="77" count="118" type="stmt"/>
          <line num="80" count="54" type="stmt"/>
          <line num="84" count="1" type="stmt"/>
          <line num="85" count="11" type="stmt"/>
          <line num="87" count="1" type="stmt"/>
          <line num="91" count="525" type="stmt"/>
          <line num="92" count="525" type="cond" truecount="2" falsecount="0"/>
          <line num="94" count="505" type="stmt"/>
          <line num="95" count="505" type="cond" truecount="1" falsecount="1"/>
          <line num="96" count="0" type="stmt"/>
          <line num="97" count="0" type="stmt"/>
          <line num="99" count="505" type="cond" truecount="2" falsecount="0"/>
          <line num="100" count="489" type="cond" truecount="2" falsecount="0"/>
          <line num="101" count="437" type="cond" truecount="2" falsecount="0"/>
          <line num="102" count="263" type="cond" truecount="2" falsecount="0"/>
          <line num="103" count="57" type="cond" truecount="2" falsecount="0"/>
          <line num="105" count="1" type="stmt"/>
          <line num="109" count="1568" type="cond" truecount="2" falsecount="0"/>
          <line num="116" count="476" type="stmt"/>
          <line num="117" count="476" type="stmt"/>
          <line num="118" count="476" type="cond" truecount="2" falsecount="0"/>
          <line num="122" count="1" type="stmt"/>
          <line num="126" count="494" type="stmt"/>
          <line num="130" count="16" type="stmt"/>
          <line num="134" count="18" type="stmt"/>
        </file>
      </package>
      <package name="yorlang.parsers">
        <metrics statements="111" coveredstatements="93" conditionals="54" coveredconditionals="44" methods="33" coveredmethods="32"/>
        <file name="basenode.js" path="/Users/karounwi.anuoluwapo/Documents/personal work/yorlang/parsers/basenode.js">
          <metrics statements="4" coveredstatements="4" conditionals="2" coveredconditionals="2" methods="2" coveredmethods="2"/>
          <line num="5" count="268" type="cond" truecount="2" falsecount="0"/>
          <line num="6" count="1" type="stmt"/>
          <line num="11" count="1" type="stmt"/>
          <line num="15" count="17" type="stmt"/>
        </file>
        <file name="parser.js" path="/Users/karounwi.anuoluwapo/Documents/personal work/yorlang/parsers/parser.js">
          <metrics statements="100" coveredstatements="82" conditionals="52" coveredconditionals="42" methods="31" coveredmethods="30"/>
          <line num="1" count="17" type="stmt"/>
          <line num="2" count="17" type="stmt"/>
          <line num="3" count="17" type="stmt"/>
          <line num="4" count="17" type="stmt"/>
          <line num="5" count="17" type="stmt"/>
          <line num="10" count="74" type="stmt"/>
          <line num="11" count="74" type="stmt"/>
          <line num="12" count="74" type="stmt"/>
          <line num="17" count="74" type="stmt"/>
          <line num="18" count="74" type="stmt"/>
          <line num="19" count="56" type="stmt"/>
          <line num="21" count="74" type="stmt"/>
          <line num="25" count="262" type="stmt"/>
          <line num="26" count="262" type="cond" truecount="3" falsecount="0"/>
          <line num="30" count="24" type="stmt"/>
          <line num="31" count="24" type="cond" truecount="3" falsecount="0"/>
          <line num="35" count="78" type="stmt"/>
          <line num="36" count="78" type="cond" truecount="3" falsecount="0"/>
          <line num="40" count="204" type="cond" truecount="2" falsecount="0"/>
          <line num="41" count="10" type="stmt"/>
          <line num="45" count="22" type="cond" truecount="2" falsecount="0"/>
          <line num="46" count="2" type="stmt"/>
          <line num="50" count="75" type="cond" truecount="2" falsecount="0"/>
          <line num="51" count="1" type="stmt"/>
          <line num="55" count="14" type="cond" truecount="2" falsecount="0"/>
          <line num="60" count="61" type="stmt"/>
          <line num="64" count="61" type="stmt"/>
          <line num="68" count="63" type="stmt"/>
          <line num="72" count="63" type="stmt"/>
          <line num="76" count="68" type="stmt"/>
          <line num="81" count="68" type="cond" truecount="2" falsecount="0"/>
          <line num="82" count="13" type="stmt"/>
          <line num="86" count="63" type="stmt"/>
          <line num="90" count="72" type="stmt"/>
          <line num="94" count="390" type="stmt"/>
          <line num="96" count="378" type="cond" truecount="2" falsecount="0"/>
          <line num="97" count="32" type="stmt"/>
          <line num="105" count="378" type="stmt"/>
          <line num="109" count="110" type="stmt"/>
          <line num="111" count="110" type="cond" truecount="2" falsecount="0"/>
          <line num="112" count="91" type="stmt"/>
          <line num="113" count="91" type="cond" truecount="1" falsecount="1"/>
          <line num="114" count="0" type="stmt"/>
          <line num="118" count="19" type="stmt"/>
          <line num="119" count="19" type="stmt"/>
          <line num="120" count="19" type="stmt"/>
          <line num="121" count="19" type="stmt"/>
          <line num="124" count="19" type="cond" truecount="2" falsecount="0"/>
          <line num="125" count="17" type="stmt"/>
          <line num="126" count="17" type="cond" truecount="1" falsecount="1"/>
          <line num="127" count="0" type="stmt"/>
          <line num="130" count="2" type="stmt"/>
          <line num="134" count="17" type="cond" truecount="3" falsecount="0"/>
          <line num="138" count="16" type="stmt"/>
          <line num="139" count="16" type="stmt"/>
          <line num="140" count="16" type="stmt"/>
          <line num="141" count="16" type="cond" truecount="2" falsecount="0"/>
          <line num="142" count="16" type="stmt"/>
          <line num="144" count="16" type="stmt"/>
          <line num="145" count="16" type="stmt"/>
          <line num="147" count="16" type="stmt"/>
          <line num="151" count="25" type="cond" truecount="2" falsecount="0"/>
          <line num="157" count="15" type="stmt"/>
          <line num="159" count="15" type="stmt"/>
          <line num="160" count="15" type="stmt"/>
          <line num="161" count="33" type="cond" truecount="2" falsecount="0"/>
          <line num="162" count="20" type="cond" truecount="2" falsecount="0"/>
          <line num="163" count="20" type="cond" truecount="1" falsecount="1"/>
          <line num="164" count="20" type="stmt"/>
          <line num="166" count="15" type="stmt"/>
          <line num="168" count="13" type="stmt"/>
          <line num="172" count="20" type="stmt"/>
          <line num="173" count="20" type="cond" truecount="1" falsecount="1"/>
          <line num="175" count="0" type="stmt"/>
          <line num="179" count="1" type="stmt"/>
          <line num="183" count="4" type="stmt"/>
          <line num="187" count="15" type="stmt"/>
          <line num="191" count="21" type="stmt"/>
          <line num="193" count="21" type="cond" truecount="1" falsecount="1"/>
          <line num="194" count="21" type="stmt"/>
          <line num="195" count="21" type="cond" truecount="1" falsecount="1"/>
          <line num="196" count="0" type="stmt"/>
          <line num="199" count="0" type="cond" truecount="0" falsecount="2"/>
          <line num="200" count="0" type="stmt"/>
          <line num="201" count="0" type="cond" truecount="0" falsecount="2"/>
          <line num="202" count="0" type="stmt"/>
          <line num="203" count="0" type="stmt"/>
          <line num="204" count="0" type="stmt"/>
          <line num="207" count="0" type="stmt"/>
          <line num="210" count="0" type="stmt"/>
          <line num="214" count="0" type="stmt"/>
          <line num="216" count="0" type="stmt"/>
          <line num="217" count="0" type="stmt"/>
          <line num="218" count="0" type="stmt"/>
          <line num="220" count="0" type="stmt"/>
          <line num="222" count="0" type="stmt"/>
          <line num="226" count="17" type="stmt"/>
          <line num="227" count="17" type="stmt"/>
          <line num="228" count="51" type="stmt"/>
          <line num="231" count="17" type="stmt"/>
        </file>
        <file name="parser_helper_function.js" path="/Users/karounwi.anuoluwapo/Documents/personal work/yorlang/parsers/parser_helper_function.js">
          <metrics statements="7" coveredstatements="7" conditionals="0" coveredconditionals="0" methods="0" coveredmethods="0"/>
          <line num="1" count="17" type="stmt"/>
          <line num="2" count="17" type="stmt"/>
          <line num="4" count="17" type="stmt"/>
          <line num="5" count="17" type="stmt"/>
          <line num="6" count="17" type="stmt"/>
          <line num="7" count="17" type="stmt"/>
          <line num="9" count="17" type="stmt"/>
        </file>
      </package>
      <package name="yorlang.parsers.keywordnodes">
        <metrics statements="145" coveredstatements="137" conditionals="37" coveredconditionals="26" methods="18" coveredmethods="18"/>
        <file name="kwnodefun.js" path="/Users/karounwi.anuoluwapo/Documents/personal work/yorlang/parsers/keywordnodes/kwnodefun.js">
          <metrics statements="30" coveredstatements="26" conditionals="10" coveredconditionals="5" methods="5" coveredmethods="5"/>
          <line num="1" count="17" type="stmt"/>
          <line num="2" count="17" type="stmt"/>
          <line num="3" count="17" type="stmt"/>
          <line num="8" count="17" type="stmt"/>
          <line num="9" count="17" type="cond" truecount="1" falsecount="1"/>
          <line num="10" count="0" type="stmt"/>
          <line num="15" count="5" type="stmt"/>
          <line num="16" count="5" type="stmt"/>
          <line num="18" count="4" type="stmt"/>
          <line num="20" count="4" type="cond" truecount="1" falsecount="1"/>
          <line num="21" count="4" type="stmt"/>
          <line num="24" count="0" type="stmt"/>
          <line num="29" count="4" type="stmt"/>
          <line num="33" count="4" type="stmt"/>
          <line num="41" count="4" type="stmt"/>
          <line num="42" count="4" type="stmt"/>
          <line num="43" count="4" type="stmt"/>
          <line num="45" count="4" type="stmt"/>
          <line num="47" count="4" type="stmt"/>
          <line num="49" count="4" type="cond" truecount="1" falsecount="1"/>
          <line num="50" count="0" type="stmt"/>
          <line num="52" count="4" type="stmt"/>
          <line num="53" count="4" type="stmt"/>
          <line num="55" count="4" type="stmt"/>
          <line num="59" count="4" type="stmt"/>
          <line num="61" count="4" type="cond" truecount="1" falsecount="1"/>
          <line num="65" count="4" type="cond" truecount="1" falsecount="1"/>
          <line num="66" count="4" type="stmt"/>
          <line num="70" count="0" type="stmt"/>
          <line num="74" count="17" type="stmt"/>
        </file>
        <file name="kwnodeise.js" path="/Users/karounwi.anuoluwapo/Documents/personal work/yorlang/parsers/keywordnodes/kwnodeise.js">
          <metrics statements="8" coveredstatements="7" conditionals="4" coveredconditionals="3" methods="2" coveredmethods="2"/>
          <line num="1" count="17" type="stmt"/>
          <line num="2" count="17" type="stmt"/>
          <line num="7" count="4" type="cond" truecount="3" falsecount="1"/>
          <line num="8" count="0" type="stmt"/>
          <line num="10" count="4" type="stmt"/>
          <line num="12" count="4" type="stmt"/>
          <line num="17" count="3" type="stmt"/>
          <line num="24" count="17" type="stmt"/>
        </file>
        <file name="kwnodekuro.js" path="/Users/karounwi.anuoluwapo/Documents/personal work/yorlang/parsers/keywordnodes/kwnodekuro.js">
          <metrics statements="6" coveredstatements="6" conditionals="0" coveredconditionals="0" methods="1" coveredmethods="1"/>
          <line num="1" count="17" type="stmt"/>
          <line num="2" count="17" type="stmt"/>
          <line num="7" count="4" type="stmt"/>
          <line num="10" count="4" type="stmt"/>
          <line num="12" count="4" type="stmt"/>
          <line num="16" count="17" type="stmt"/>
        </file>
        <file name="kwnodenigbati.js" path="/Users/karounwi.anuoluwapo/Documents/personal work/yorlang/parsers/keywordnodes/kwnodenigbati.js">
          <metrics statements="6" coveredstatements="6" conditionals="0" coveredconditionals="0" methods="1" coveredmethods="1"/>
          <line num="1" count="17" type="stmt"/>
          <line num="2" count="17" type="stmt"/>
          <line num="3" count="17" type="stmt"/>
          <line num="8" count="4" type="stmt"/>
          <line num="10" count="4" type="stmt"/>
          <line num="18" count="17" type="stmt"/>
        </file>
        <file name="kwnodepada.js" path="/Users/karounwi.anuoluwapo/Documents/personal work/yorlang/parsers/keywordnodes/kwnodepada.js">
          <metrics statements="7" coveredstatements="7" conditionals="0" coveredconditionals="0" methods="1" coveredmethods="1"/>
          <line num="1" count="17" type="stmt"/>
          <line num="2" count="17" type="stmt"/>
          <line num="7" count="11" type="stmt"/>
          <line num="8" count="11" type="stmt"/>
          <line num="12" count="10" type="stmt"/>
          <line num="14" count="10" type="stmt"/>
          <line num="18" count="17" type="stmt"/>
        </file>
        <file name="kwnodes.js" path="/Users/karounwi.anuoluwapo/Documents/personal work/yorlang/parsers/keywordnodes/kwnodes.js">
          <metrics statements="21" coveredstatements="21" conditionals="0" coveredconditionals="0" methods="0" coveredmethods="0"/>
          <line num="1" count="17" type="stmt"/>
          <line num="2" count="17" type="stmt"/>
          <line num="3" count="17" type="stmt"/>
          <line num="4" count="17" type="stmt"/>
          <line num="5" count="17" type="stmt"/>
          <line num="6" count="17" type="stmt"/>
          <line num="7" count="17" type="stmt"/>
          <line num="8" count="17" type="stmt"/>
          <line num="9" count="17" type="stmt"/>
          <line num="10" count="17" type="stmt"/>
          <line num="12" count="17" type="stmt"/>
          <line num="13" count="17" type="stmt"/>
          <line num="14" count="17" type="stmt"/>
          <line num="15" count="17" type="stmt"/>
          <line num="16" count="17" type="stmt"/>
          <line num="17" count="17" type="stmt"/>
          <line num="18" count="17" type="stmt"/>
          <line num="19" count="17" type="stmt"/>
          <line num="20" count="17" type="stmt"/>
          <line num="21" count="17" type="stmt"/>
          <line num="23" count="17" type="stmt"/>
        </file>
        <file name="kwnodese.js" path="/Users/karounwi.anuoluwapo/Documents/personal work/yorlang/parsers/keywordnodes/kwnodese.js">
          <metrics statements="13" coveredstatements="12" conditionals="6" coveredconditionals="5" methods="2" coveredmethods="2"/>
          <line num="1" count="17" type="stmt"/>
          <line num="2" count="17" type="stmt"/>
          <line num="3" count="17" type="stmt"/>
          <line num="8" count="17" type="stmt"/>
          <line num="9" count="17" type="cond" truecount="1" falsecount="1"/>
          <line num="10" count="0" type="stmt"/>
          <line num="15" count="6" type="stmt"/>
          <line num="17" count="6" type="stmt"/>
          <line num="23" count="5" type="cond" truecount="4" falsecount="0"/>
          <line num="24" count="1" type="stmt"/>
          <line num="25" count="1" type="stmt"/>
          <line num="28" count="5" type="stmt"/>
          <line num="32" count="17" type="stmt"/>
        </file>
        <file name="kwnodesope.js" path="/Users/karounwi.anuoluwapo/Documents/personal work/yorlang/parsers/keywordnodes/kwnodesope.js">
          <metrics statements="7" coveredstatements="7" conditionals="0" coveredconditionals="0" methods="1" coveredmethods="1"/>
          <line num="1" count="17" type="stmt"/>
          <line num="2" count="17" type="stmt"/>
          <line num="7" count="17" type="stmt"/>
          <line num="8" count="17" type="stmt"/>
          <line num="12" count="16" type="stmt"/>
          <line num="14" count="16" type="stmt"/>
          <line num="18" count="17" type="stmt"/>
        </file>
        <file name="kwnodeti.js" path="/Users/karounwi.anuoluwapo/Documents/personal work/yorlang/parsers/keywordnodes/kwnodeti.js">
          <metrics statements="18" coveredstatements="17" conditionals="6" coveredconditionals="4" methods="1" coveredmethods="1"/>
          <line num="1" count="17" type="stmt"/>
          <line num="2" count="17" type="stmt"/>
          <line num="3" count="17" type="stmt"/>
          <line num="8" count="20" type="stmt"/>
          <line num="10" count="20" type="stmt"/>
          <line num="14" count="20" type="stmt"/>
          <line num="16" count="20" type="stmt"/>
          <line num="19" count="20" type="cond" truecount="1" falsecount="1"/>
          <line num="20" count="20" type="cond" truecount="2" falsecount="0"/>
          <line num="21" count="1" type="stmt"/>
          <line num="22" count="1" type="cond" truecount="1" falsecount="1"/>
          <line num="23" count="1" type="stmt"/>
          <line num="25" count="0" type="stmt"/>
          <line num="29" count="20" type="stmt"/>
          <line num="30" count="19" type="stmt"/>
          <line num="31" count="18" type="stmt"/>
          <line num="33" count="18" type="stmt"/>
          <line num="37" count="17" type="stmt"/>
        </file>
        <file name="kwnodeyi.js" path="/Users/karounwi.anuoluwapo/Documents/personal work/yorlang/parsers/keywordnodes/kwnodeyi.js">
          <metrics statements="29" coveredstatements="28" conditionals="11" coveredconditionals="9" methods="4" coveredmethods="4"/>
          <line num="1" count="17" type="stmt"/>
          <line num="2" count="17" type="stmt"/>
          <line num="3" count="17" type="stmt"/>
          <line num="8" count="17" type="stmt"/>
          <line num="9" count="17" type="cond" truecount="1" falsecount="1"/>
          <line num="10" count="0" type="stmt"/>
          <line num="15" count="2" type="stmt"/>
          <line num="16" count="2" type="stmt"/>
          <line num="23" count="2" type="stmt"/>
          <line num="24" count="2" type="stmt"/>
          <line num="25" count="1" type="stmt"/>
          <line num="27" count="1" type="cond" truecount="2" falsecount="0"/>
          <line num="28" count="2" type="stmt"/>
          <line num="31" count="1" type="cond" truecount="1" falsecount="1"/>
          <line num="32" count="1" type="stmt"/>
          <line num="33" count="1" type="stmt"/>
          <line num="35" count="1" type="cond" truecount="2" falsecount="0"/>
          <line num="36" count="1" type="stmt"/>
          <line num="40" count="1" type="stmt"/>
          <line num="42" count="1" type="stmt"/>
          <line num="49" count="2" type="stmt"/>
          <line num="55" count="2" type="stmt"/>
          <line num="56" count="2" type="stmt"/>
          <line num="57" count="2" type="stmt"/>
          <line num="59" count="6" type="cond" truecount="3" falsecount="0"/>
          <line num="64" count="2" type="stmt"/>
          <line num="65" count="4" type="stmt"/>
          <line num="68" count="2" type="stmt"/>
          <line num="72" count="17" type="stmt"/>
        </file>
      </package>
      <package name="yorlang.parsers.nodeLiterals">
        <metrics statements="73" coveredstatements="71" conditionals="11" coveredconditionals="9" methods="7" coveredmethods="7"/>
        <file name="arraynl.js" path="/Users/karounwi.anuoluwapo/Documents/personal work/yorlang/parsers/nodeLiterals/arraynl.js">
          <metrics statements="12" coveredstatements="12" conditionals="2" coveredconditionals="2" methods="1" coveredmethods="1"/>
          <line num="1" count="19" type="stmt"/>
          <line num="2" count="19" type="stmt"/>
          <line num="7" count="12" type="stmt"/>
          <line num="8" count="12" type="stmt"/>
          <line num="10" count="12" type="cond" truecount="2" falsecount="0"/>
          <line num="11" count="6" type="stmt"/>
          <line num="16" count="6" type="stmt"/>
          <line num="17" count="6" type="stmt"/>
          <line num="18" count="6" type="stmt"/>
          <line num="19" count="6" type="stmt"/>
          <line num="22" count="10" type="stmt"/>
          <line num="26" count="19" type="stmt"/>
        </file>
        <file name="bracketexpressionnl.js" path="/Users/karounwi.anuoluwapo/Documents/personal work/yorlang/parsers/nodeLiterals/bracketexpressionnl.js">
          <metrics statements="9" coveredstatements="9" conditionals="1" coveredconditionals="1" methods="1" coveredmethods="1"/>
          <line num="1" count="18" type="stmt"/>
          <line num="2" count="18" type="stmt"/>
          <line num="7" count="28" type="stmt"/>
          <line num="8" count="24" type="stmt"/>
          <line num="9" count="24" type="stmt"/>
          <line num="10" count="24" type="stmt"/>
          <line num="11" count="24" type="stmt"/>
          <line num="13" count="23" type="stmt"/>
          <line num="17" count="18" type="stmt"/>
        </file>
        <file name="callIseNl.js" path="/Users/karounwi.anuoluwapo/Documents/personal work/yorlang/parsers/nodeLiterals/callIseNl.js">
          <metrics statements="4" coveredstatements="4" conditionals="0" coveredconditionals="0" methods="1" coveredmethods="1"/>
          <line num="1" count="19" type="stmt"/>
          <line num="2" count="19" type="stmt"/>
          <line num="7" count="6" type="stmt"/>
          <line num="18" count="19" type="stmt"/>
        </file>
        <file name="keywordnl.js" path="/Users/karounwi.anuoluwapo/Documents/personal work/yorlang/parsers/nodeLiterals/keywordnl.js">
          <metrics statements="10" coveredstatements="9" conditionals="4" coveredconditionals="3" methods="2" coveredmethods="2"/>
          <line num="1" count="18" type="stmt"/>
          <line num="2" count="18" type="stmt"/>
          <line num="3" count="18" type="stmt"/>
          <line num="8" count="18" type="stmt"/>
          <line num="9" count="18" type="cond" truecount="1" falsecount="1"/>
          <line num="10" count="0" type="stmt"/>
          <line num="16" count="5" type="cond" truecount="2" falsecount="0"/>
          <line num="17" count="4" type="stmt"/>
          <line num="20" count="1" type="stmt"/>
          <line num="24" count="18" type="stmt"/>
        </file>
        <file name="leafnl.js" path="/Users/karounwi.anuoluwapo/Documents/personal work/yorlang/parsers/nodeLiterals/leafnl.js">
          <metrics statements="3" coveredstatements="3" conditionals="0" coveredconditionals="0" methods="1" coveredmethods="1"/>
          <line num="1" count="19" type="stmt"/>
          <line num="6" count="51" type="stmt"/>
          <line num="15" count="19" type="stmt"/>
        </file>
        <file name="nodeliterals.js" path="/Users/karounwi.anuoluwapo/Documents/personal work/yorlang/parsers/nodeLiterals/nodeliterals.js">
          <metrics statements="17" coveredstatements="17" conditionals="0" coveredconditionals="0" methods="0" coveredmethods="0"/>
          <line num="1" count="17" type="stmt"/>
          <line num="2" count="17" type="stmt"/>
          <line num="3" count="17" type="stmt"/>
          <line num="4" count="17" type="stmt"/>
          <line num="5" count="17" type="stmt"/>
          <line num="6" count="17" type="stmt"/>
          <line num="7" count="17" type="stmt"/>
          <line num="9" count="17" type="stmt"/>
          <line num="10" count="17" type="stmt"/>
          <line num="11" count="17" type="stmt"/>
          <line num="12" count="17" type="stmt"/>
          <line num="13" count="17" type="stmt"/>
          <line num="14" count="17" type="stmt"/>
          <line num="15" count="17" type="stmt"/>
          <line num="16" count="17" type="stmt"/>
          <line num="17" count="17" type="stmt"/>
          <line num="19" count="17" type="stmt"/>
        </file>
        <file name="variablenl.js" path="/Users/karounwi.anuoluwapo/Documents/personal work/yorlang/parsers/nodeLiterals/variablenl.js">
          <metrics statements="11" coveredstatements="10" conditionals="4" coveredconditionals="3" methods="1" coveredmethods="1"/>
          <line num="1" count="18" type="stmt"/>
          <line num="2" count="18" type="stmt"/>
          <line num="3" count="18" type="stmt"/>
          <line num="8" count="44" type="stmt"/>
          <line num="10" count="44" type="stmt"/>
          <line num="11" count="44" type="cond" truecount="2" falsecount="0"/>
          <line num="12" count="6" type="stmt"/>
          <line num="13" count="6" type="cond" truecount="1" falsecount="1"/>
          <line num="14" count="0" type="stmt"/>
          <line num="17" count="38" type="stmt"/>
          <line num="24" count="18" type="stmt"/>
        </file>
        <file name="variabletypes.js" path="/Users/karounwi.anuoluwapo/Documents/personal work/yorlang/parsers/nodeLiterals/variabletypes.js">
          <metrics statements="7" coveredstatements="7" conditionals="0" coveredconditionals="0" methods="0" coveredmethods="0"/>
          <line num="1" count="18" type="stmt"/>
          <line num="2" count="18" type="stmt"/>
          <line num="3" count="18" type="stmt"/>
          <line num="5" count="18" type="stmt"/>
          <line num="6" count="18" type="stmt"/>
          <line num="7" count="18" type="stmt"/>
          <line num="9" count="18" type="stmt"/>
        </file>
      </package>
      <package name="yorlang.tests.mocks">
        <metrics statements="2" coveredstatements="2" conditionals="0" coveredconditionals="0" methods="0" coveredmethods="0"/>
        <file name="kwnode.mock.js" path="/Users/karounwi.anuoluwapo/Documents/personal work/yorlang/tests/mocks/kwnode.mock.js">
          <metrics statements="2" coveredstatements="2" conditionals="0" coveredconditionals="0" methods="0" coveredmethods="0"/>
          <line num="1" count="1" type="stmt"/>
          <line num="6" count="1" type="stmt"/>
        </file>
      </package>
    </metrics>
  </project>
</coverage>
