{"/Users/karounwi.anuoluwapo/Documents/personal work/yorlang/constants.js": {"path":"/Users/karounwi.anuoluwapo/Documents/personal work/yorlang/constants.js","statementMap":{"0":{"start":{"line":1,"column":17},"end":{"line":16,"column":1}},"1":{"start":{"line":18,"column":16},"end":{"line":51,"column":1}},"2":{"start":{"line":53,"column":13},"end":{"line":74,"column":1}},"3":{"start":{"line":76,"column":14},"end":{"line":79,"column":1}},"4":{"start":{"line":81,"column":23},"end":{"line":86,"column":1}},"5":{"start":{"line":88,"column":18},"end":{"line":107,"column":1}},"6":{"start":{"line":109,"column":0},"end":{"line":109,"column":27}}},"fnMap":{},"branchMap":{},"s":{"0":19,"1":19,"2":19,"3":19,"4":19,"5":19,"6":19},"f":{},"b":{},"_coverageSchema":"332fd63041d2c1bcb487cc26dd0d5f7d97098a6c","hash":"5068d0690173342a3b732b342c7d2516db2859ac"}
,"/Users/karounwi.anuoluwapo/Documents/personal work/yorlang/inputstream.js": {"path":"/Users/karounwi.anuoluwapo/Documents/personal work/yorlang/inputstream.js","statementMap":{"0":{"start":{"line":1,"column":18},"end":{"line":1,"column":43}},"1":{"start":{"line":6,"column":8},"end":{"line":6,"column":30}},"2":{"start":{"line":7,"column":8},"end":{"line":7,"column":22}},"3":{"start":{"line":8,"column":8},"end":{"line":8,"column":24}},"4":{"start":{"line":9,"column":8},"end":{"line":9,"column":26}},"5":{"start":{"line":14,"column":26},"end":{"line":14,"column":59}},"6":{"start":{"line":16,"column":8},"end":{"line":20,"column":9}},"7":{"start":{"line":17,"column":12},"end":{"line":17,"column":28}},"8":{"start":{"line":17,"column":29},"end":{"line":17,"column":41}},"9":{"start":{"line":19,"column":12},"end":{"line":19,"column":26}},"10":{"start":{"line":22,"column":8},"end":{"line":22,"column":25}},"11":{"start":{"line":27,"column":8},"end":{"line":27,"column":47}},"12":{"start":{"line":31,"column":8},"end":{"line":31,"column":101}},"13":{"start":{"line":35,"column":8},"end":{"line":35,"column":33}},"14":{"start":{"line":39,"column":8},"end":{"line":39,"column":33}},"15":{"start":{"line":43,"column":0},"end":{"line":43,"column":29}}},"fnMap":{"0":{"name":"(anonymous_0)","decl":{"start":{"line":5,"column":4},"end":{"line":5,"column":5}},"loc":{"start":{"line":5,"column":27},"end":{"line":10,"column":5}},"line":5},"1":{"name":"(anonymous_1)","decl":{"start":{"line":13,"column":4},"end":{"line":13,"column":5}},"loc":{"start":{"line":13,"column":11},"end":{"line":23,"column":5}},"line":13},"2":{"name":"(anonymous_2)","decl":{"start":{"line":26,"column":4},"end":{"line":26,"column":5}},"loc":{"start":{"line":26,"column":11},"end":{"line":28,"column":5}},"line":26},"3":{"name":"(anonymous_3)","decl":{"start":{"line":30,"column":4},"end":{"line":30,"column":5}},"loc":{"start":{"line":30,"column":20},"end":{"line":32,"column":5}},"line":30},"4":{"name":"(anonymous_4)","decl":{"start":{"line":34,"column":4},"end":{"line":34,"column":5}},"loc":{"start":{"line":34,"column":18},"end":{"line":36,"column":5}},"line":34},"5":{"name":"(anonymous_5)","decl":{"start":{"line":38,"column":4},"end":{"line":38,"column":5}},"loc":{"start":{"line":38,"column":21},"end":{"line":40,"column":5}},"line":38}},"branchMap":{"0":{"loc":{"start":{"line":16,"column":8},"end":{"line":20,"column":9}},"type":"if","locations":[{"start":{"line":16,"column":8},"end":{"line":20,"column":9}},{"start":{"line":16,"column":8},"end":{"line":20,"column":9}}],"line":16}},"s":{"0":19,"1":108,"2":108,"3":108,"4":108,"5":1814,"6":1814,"7":40,"8":40,"9":1774,"10":1814,"11":5817,"12":19,"13":526,"14":2402,"15":19},"f":{"0":108,"1":1814,"2":5817,"3":19,"4":526,"5":2402},"b":{"0":[40,1774]},"_coverageSchema":"332fd63041d2c1bcb487cc26dd0d5f7d97098a6c","hash":"0d74d6bf7f0043e65f9d7b80a939dbfbeb414fc6"}
,"/Users/karounwi.anuoluwapo/Documents/personal work/yorlang/lexer.js": {"path":"/Users/karounwi.anuoluwapo/Documents/personal work/yorlang/lexer.js","statementMap":{"0":{"start":{"line":1,"column":18},"end":{"line":1,"column":43}},"1":{"start":{"line":6,"column":8},"end":{"line":6,"column":39}},"2":{"start":{"line":7,"column":8},"end":{"line":7,"column":48}},"3":{"start":{"line":8,"column":8},"end":{"line":8,"column":33}},"4":{"start":{"line":12,"column":8},"end":{"line":12,"column":59}},"5":{"start":{"line":16,"column":8},"end":{"line":16,"column":62}},"6":{"start":{"line":20,"column":8},"end":{"line":20,"column":51}},"7":{"start":{"line":24,"column":8},"end":{"line":24,"column":57}},"8":{"start":{"line":28,"column":8},"end":{"line":28,"column":46}},"9":{"start":{"line":32,"column":7},"end":{"line":32,"column":46}},"10":{"start":{"line":36,"column":18},"end":{"line":36,"column":20}},"11":{"start":{"line":38,"column":8},"end":{"line":40,"column":9}},"12":{"start":{"line":39,"column":12},"end":{"line":39,"column":43}},"13":{"start":{"line":42,"column":8},"end":{"line":42,"column":19}},"14":{"start":{"line":46,"column":26},"end":{"line":46,"column":49}},"15":{"start":{"line":47,"column":8},"end":{"line":47,"column":32}},"16":{"start":{"line":48,"column":20},"end":{"line":50,"column":10}},"17":{"start":{"line":49,"column":12},"end":{"line":49,"column":52}},"18":{"start":{"line":52,"column":8},"end":{"line":55,"column":94}},"19":{"start":{"line":53,"column":12},"end":{"line":53,"column":36}},"20":{"start":{"line":55,"column":12},"end":{"line":55,"column":94}},"21":{"start":{"line":57,"column":8},"end":{"line":57,"column":54}},"22":{"start":{"line":61,"column":27},"end":{"line":61,"column":60}},"23":{"start":{"line":63,"column":8},"end":{"line":66,"column":10}},"24":{"start":{"line":70,"column":21},"end":{"line":70,"column":26}},"25":{"start":{"line":71,"column":20},"end":{"line":78,"column":10}},"26":{"start":{"line":72,"column":12},"end":{"line":76,"column":13}},"27":{"start":{"line":73,"column":16},"end":{"line":73,"column":40}},"28":{"start":{"line":73,"column":27},"end":{"line":73,"column":40}},"29":{"start":{"line":74,"column":16},"end":{"line":74,"column":30}},"30":{"start":{"line":75,"column":16},"end":{"line":75,"column":28}},"31":{"start":{"line":77,"column":12},"end":{"line":77,"column":35}},"32":{"start":{"line":80,"column":8},"end":{"line":80,"column":66}},"33":{"start":{"line":84,"column":8},"end":{"line":86,"column":11}},"34":{"start":{"line":85,"column":12},"end":{"line":85,"column":48}},"35":{"start":{"line":87,"column":8},"end":{"line":87,"column":32}},"36":{"start":{"line":91,"column":8},"end":{"line":91,"column":42}},"37":{"start":{"line":92,"column":8},"end":{"line":92,"column":56}},"38":{"start":{"line":92,"column":44},"end":{"line":92,"column":56}},"39":{"start":{"line":94,"column":19},"end":{"line":94,"column":42}},"40":{"start":{"line":95,"column":8},"end":{"line":98,"column":9}},"41":{"start":{"line":96,"column":12},"end":{"line":96,"column":32}},"42":{"start":{"line":97,"column":12},"end":{"line":97,"column":35}},"43":{"start":{"line":99,"column":8},"end":{"line":99,"column":68}},"44":{"start":{"line":99,"column":43},"end":{"line":99,"column":68}},"45":{"start":{"line":100,"column":8},"end":{"line":100,"column":55}},"46":{"start":{"line":100,"column":30},"end":{"line":100,"column":55}},"47":{"start":{"line":101,"column":8},"end":{"line":101,"column":64}},"48":{"start":{"line":101,"column":35},"end":{"line":101,"column":64}},"49":{"start":{"line":102,"column":8},"end":{"line":102,"column":106}},"50":{"start":{"line":102,"column":36},"end":{"line":102,"column":106}},"51":{"start":{"line":103,"column":8},"end":{"line":103,"column":108}},"52":{"start":{"line":103,"column":33},"end":{"line":103,"column":108}},"53":{"start":{"line":105,"column":8},"end":{"line":105,"column":70}},"54":{"start":{"line":109,"column":8},"end":{"line":109,"column":64}},"55":{"start":{"line":116,"column":22},"end":{"line":116,"column":34}},"56":{"start":{"line":117,"column":8},"end":{"line":117,"column":28}},"57":{"start":{"line":118,"column":8},"end":{"line":118,"column":40}},"58":{"start":{"line":122,"column":8},"end":{"line":122,"column":35}},"59":{"start":{"line":126,"column":8},"end":{"line":126,"column":35}},"60":{"start":{"line":130,"column":8},"end":{"line":130,"column":41}},"61":{"start":{"line":134,"column":0},"end":{"line":134,"column":23}}},"fnMap":{"0":{"name":"(anonymous_0)","decl":{"start":{"line":5,"column":4},"end":{"line":5,"column":5}},"loc":{"start":{"line":5,"column":29},"end":{"line":9,"column":5}},"line":5},"1":{"name":"(anonymous_1)","decl":{"start":{"line":11,"column":4},"end":{"line":11,"column":5}},"loc":{"start":{"line":11,"column":21},"end":{"line":13,"column":5}},"line":11},"2":{"name":"(anonymous_2)","decl":{"start":{"line":15,"column":4},"end":{"line":15,"column":5}},"loc":{"start":{"line":15,"column":24},"end":{"line":17,"column":5}},"line":15},"3":{"name":"(anonymous_3)","decl":{"start":{"line":19,"column":4},"end":{"line":19,"column":5}},"loc":{"start":{"line":19,"column":21},"end":{"line":21,"column":5}},"line":19},"4":{"name":"(anonymous_4)","decl":{"start":{"line":23,"column":4},"end":{"line":23,"column":5}},"loc":{"start":{"line":23,"column":19},"end":{"line":25,"column":5}},"line":23},"5":{"name":"(anonymous_5)","decl":{"start":{"line":27,"column":4},"end":{"line":27,"column":5}},"loc":{"start":{"line":27,"column":18},"end":{"line":29,"column":5}},"line":27},"6":{"name":"(anonymous_6)","decl":{"start":{"line":31,"column":4},"end":{"line":31,"column":5}},"loc":{"start":{"line":31,"column":17},"end":{"line":33,"column":5}},"line":31},"7":{"name":"(anonymous_7)","decl":{"start":{"line":35,"column":4},"end":{"line":35,"column":5}},"loc":{"start":{"line":35,"column":25},"end":{"line":43,"column":5}},"line":35},"8":{"name":"(anonymous_8)","decl":{"start":{"line":45,"column":4},"end":{"line":45,"column":5}},"loc":{"start":{"line":45,"column":17},"end":{"line":58,"column":5}},"line":45},"9":{"name":"(anonymous_9)","decl":{"start":{"line":48,"column":35},"end":{"line":48,"column":36}},"loc":{"start":{"line":48,"column":43},"end":{"line":50,"column":9}},"line":48},"10":{"name":"(anonymous_10)","decl":{"start":{"line":60,"column":4},"end":{"line":60,"column":5}},"loc":{"start":{"line":60,"column":21},"end":{"line":67,"column":5}},"line":60},"11":{"name":"(anonymous_11)","decl":{"start":{"line":69,"column":4},"end":{"line":69,"column":5}},"loc":{"start":{"line":69,"column":17},"end":{"line":81,"column":5}},"line":69},"12":{"name":"(anonymous_12)","decl":{"start":{"line":71,"column":35},"end":{"line":71,"column":36}},"loc":{"start":{"line":71,"column":43},"end":{"line":78,"column":9}},"line":71},"13":{"name":"(anonymous_13)","decl":{"start":{"line":83,"column":4},"end":{"line":83,"column":5}},"loc":{"start":{"line":83,"column":19},"end":{"line":88,"column":5}},"line":83},"14":{"name":"(anonymous_14)","decl":{"start":{"line":84,"column":23},"end":{"line":84,"column":24}},"loc":{"start":{"line":84,"column":31},"end":{"line":86,"column":9}},"line":84},"15":{"name":"(anonymous_15)","decl":{"start":{"line":90,"column":4},"end":{"line":90,"column":5}},"loc":{"start":{"line":90,"column":15},"end":{"line":106,"column":5}},"line":90},"16":{"name":"(anonymous_16)","decl":{"start":{"line":108,"column":4},"end":{"line":108,"column":5}},"loc":{"start":{"line":108,"column":11},"end":{"line":110,"column":5}},"line":108},"17":{"name":"(anonymous_17)","decl":{"start":{"line":115,"column":4},"end":{"line":115,"column":5}},"loc":{"start":{"line":115,"column":11},"end":{"line":119,"column":5}},"line":115},"18":{"name":"(anonymous_18)","decl":{"start":{"line":121,"column":4},"end":{"line":121,"column":5}},"loc":{"start":{"line":121,"column":18},"end":{"line":123,"column":5}},"line":121},"19":{"name":"(anonymous_19)","decl":{"start":{"line":125,"column":4},"end":{"line":125,"column":5}},"loc":{"start":{"line":125,"column":21},"end":{"line":127,"column":5}},"line":125},"20":{"name":"(anonymous_20)","decl":{"start":{"line":129,"column":4},"end":{"line":129,"column":5}},"loc":{"start":{"line":129,"column":20},"end":{"line":131,"column":5}},"line":129}},"branchMap":{"0":{"loc":{"start":{"line":38,"column":15},"end":{"line":38,"column":86}},"type":"binary-expr","locations":[{"start":{"line":38,"column":15},"end":{"line":38,"column":48}},{"start":{"line":38,"column":52},"end":{"line":38,"column":86}}],"line":38},"1":{"loc":{"start":{"line":49,"column":19},"end":{"line":49,"column":51}},"type":"cond-expr","locations":[{"start":{"line":49,"column":39},"end":{"line":49,"column":44}},{"start":{"line":49,"column":47},"end":{"line":49,"column":51}}],"line":49},"2":{"loc":{"start":{"line":52,"column":8},"end":{"line":55,"column":94}},"type":"if","locations":[{"start":{"line":52,"column":8},"end":{"line":55,"column":94}},{"start":{"line":52,"column":8},"end":{"line":55,"column":94}}],"line":52},"3":{"loc":{"start":{"line":64,"column":18},"end":{"line":64,"column":86}},"type":"cond-expr","locations":[{"start":{"line":64,"column":48},"end":{"line":64,"column":65}},{"start":{"line":64,"column":68},"end":{"line":64,"column":86}}],"line":64},"4":{"loc":{"start":{"line":72,"column":12},"end":{"line":76,"column":13}},"type":"if","locations":[{"start":{"line":72,"column":12},"end":{"line":76,"column":13}},{"start":{"line":72,"column":12},"end":{"line":76,"column":13}}],"line":72},"5":{"loc":{"start":{"line":73,"column":16},"end":{"line":73,"column":40}},"type":"if","locations":[{"start":{"line":73,"column":16},"end":{"line":73,"column":40}},{"start":{"line":73,"column":16},"end":{"line":73,"column":40}}],"line":73},"6":{"loc":{"start":{"line":92,"column":8},"end":{"line":92,"column":56}},"type":"if","locations":[{"start":{"line":92,"column":8},"end":{"line":92,"column":56}},{"start":{"line":92,"column":8},"end":{"line":92,"column":56}}],"line":92},"7":{"loc":{"start":{"line":95,"column":8},"end":{"line":98,"column":9}},"type":"if","locations":[{"start":{"line":95,"column":8},"end":{"line":98,"column":9}},{"start":{"line":95,"column":8},"end":{"line":98,"column":9}}],"line":95},"8":{"loc":{"start":{"line":99,"column":8},"end":{"line":99,"column":68}},"type":"if","locations":[{"start":{"line":99,"column":8},"end":{"line":99,"column":68}},{"start":{"line":99,"column":8},"end":{"line":99,"column":68}}],"line":99},"9":{"loc":{"start":{"line":100,"column":8},"end":{"line":100,"column":55}},"type":"if","locations":[{"start":{"line":100,"column":8},"end":{"line":100,"column":55}},{"start":{"line":100,"column":8},"end":{"line":100,"column":55}}],"line":100},"10":{"loc":{"start":{"line":101,"column":8},"end":{"line":101,"column":64}},"type":"if","locations":[{"start":{"line":101,"column":8},"end":{"line":101,"column":64}},{"start":{"line":101,"column":8},"end":{"line":101,"column":64}}],"line":101},"11":{"loc":{"start":{"line":102,"column":8},"end":{"line":102,"column":106}},"type":"if","locations":[{"start":{"line":102,"column":8},"end":{"line":102,"column":106}},{"start":{"line":102,"column":8},"end":{"line":102,"column":106}}],"line":102},"12":{"loc":{"start":{"line":103,"column":8},"end":{"line":103,"column":108}},"type":"if","locations":[{"start":{"line":103,"column":8},"end":{"line":103,"column":108}},{"start":{"line":103,"column":8},"end":{"line":103,"column":108}}],"line":103},"13":{"loc":{"start":{"line":109,"column":15},"end":{"line":109,"column":63}},"type":"binary-expr","locations":[{"start":{"line":109,"column":15},"end":{"line":109,"column":27}},{"start":{"line":109,"column":32},"end":{"line":109,"column":62}}],"line":109},"14":{"loc":{"start":{"line":118,"column":15},"end":{"line":118,"column":39}},"type":"binary-expr","locations":[{"start":{"line":118,"column":15},"end":{"line":118,"column":20}},{"start":{"line":118,"column":24},"end":{"line":118,"column":39}}],"line":118}},"s":{"0":18,"1":103,"2":103,"3":103,"4":1198,"5":273,"6":1186,"7":184,"8":191,"9":611,"10":832,"11":832,"12":1569,"13":832,"14":18,"15":18,"16":18,"17":173,"18":18,"19":17,"20":1,"21":17,"22":176,"23":176,"24":54,"25":54,"26":122,"27":4,"28":1,"29":3,"30":3,"31":118,"32":54,"33":1,"34":11,"35":1,"36":525,"37":525,"38":20,"39":505,"40":505,"41":0,"42":0,"43":505,"44":16,"45":489,"46":52,"47":437,"48":174,"49":263,"50":206,"51":57,"52":56,"53":1,"54":1568,"55":476,"56":476,"57":476,"58":1,"59":494,"60":16,"61":18},"f":{"0":103,"1":1198,"2":273,"3":1186,"4":184,"5":191,"6":611,"7":832,"8":18,"9":173,"10":176,"11":54,"12":122,"13":1,"14":11,"15":525,"16":1568,"17":476,"18":1,"19":494,"20":16},"b":{"0":[2401,2363],"1":[17,156],"2":[17,1],"3":[90,86],"4":[4,118],"5":[1,3],"6":[20,505],"7":[0,505],"8":[16,489],"9":[52,437],"10":[174,263],"11":[206,57],"12":[56,1],"13":[1568,505],"14":[476,18]},"_coverageSchema":"332fd63041d2c1bcb487cc26dd0d5f7d97098a6c","hash":"b2d93531d47091b89bd49b0af21c71b292498d3f"}
,"/Users/karounwi.anuoluwapo/Documents/personal work/yorlang/parsers/basenode.js": {"path":"/Users/karounwi.anuoluwapo/Documents/personal work/yorlang/parsers/basenode.js","statementMap":{"0":{"start":{"line":5,"column":8},"end":{"line":7,"column":9}},"1":{"start":{"line":6,"column":12},"end":{"line":6,"column":74}},"2":{"start":{"line":11,"column":8},"end":{"line":11,"column":75}},"3":{"start":{"line":15,"column":0},"end":{"line":15,"column":26}}},"fnMap":{"0":{"name":"(anonymous_0)","decl":{"start":{"line":4,"column":4},"end":{"line":4,"column":5}},"loc":{"start":{"line":4,"column":18},"end":{"line":8,"column":5}},"line":4},"1":{"name":"(anonymous_1)","decl":{"start":{"line":10,"column":4},"end":{"line":10,"column":5}},"loc":{"start":{"line":10,"column":14},"end":{"line":12,"column":5}},"line":10}},"branchMap":{"0":{"loc":{"start":{"line":5,"column":8},"end":{"line":7,"column":9}},"type":"if","locations":[{"start":{"line":5,"column":8},"end":{"line":7,"column":9}},{"start":{"line":5,"column":8},"end":{"line":7,"column":9}}],"line":5}},"s":{"0":268,"1":1,"2":1,"3":17},"f":{"0":268,"1":1},"b":{"0":[1,267]},"_coverageSchema":"332fd63041d2c1bcb487cc26dd0d5f7d97098a6c","hash":"b879baaff99f0fa04c0cedbcd4816c89c023cccf"}
,"/Users/karounwi.anuoluwapo/Documents/personal work/yorlang/parsers/parser.js": {"path":"/Users/karounwi.anuoluwapo/Documents/personal work/yorlang/parsers/parser.js","statementMap":{"0":{"start":{"line":1,"column":18},"end":{"line":1,"column":44}},"1":{"start":{"line":2,"column":16},"end":{"line":2,"column":52}},"2":{"start":{"line":3,"column":21},"end":{"line":3,"column":62}},"3":{"start":{"line":4,"column":16},"end":{"line":4,"column":54}},"4":{"start":{"line":5,"column":17},"end":{"line":5,"column":41}},"5":{"start":{"line":10,"column":8},"end":{"line":10,"column":27}},"6":{"start":{"line":11,"column":8},"end":{"line":11,"column":35}},"7":{"start":{"line":12,"column":8},"end":{"line":12,"column":42}},"8":{"start":{"line":17,"column":38},"end":{"line":17,"column":42}},"9":{"start":{"line":18,"column":8},"end":{"line":20,"column":9}},"10":{"start":{"line":19,"column":12},"end":{"line":19,"column":51}},"11":{"start":{"line":21,"column":8},"end":{"line":21,"column":68}},"12":{"start":{"line":21,"column":44},"end":{"line":21,"column":67}},"13":{"start":{"line":25,"column":22},"end":{"line":25,"column":39}},"14":{"start":{"line":26,"column":8},"end":{"line":26,"column":85}},"15":{"start":{"line":30,"column":22},"end":{"line":30,"column":39}},"16":{"start":{"line":31,"column":8},"end":{"line":31,"column":80}},"17":{"start":{"line":35,"column":22},"end":{"line":35,"column":39}},"18":{"start":{"line":36,"column":8},"end":{"line":36,"column":79}},"19":{"start":{"line":40,"column":8},"end":{"line":41,"column":89}},"20":{"start":{"line":40,"column":38},"end":{"line":40,"column":56}},"21":{"start":{"line":41,"column":13},"end":{"line":41,"column":89}},"22":{"start":{"line":45,"column":8},"end":{"line":46,"column":89}},"23":{"start":{"line":45,"column":33},"end":{"line":45,"column":51}},"24":{"start":{"line":46,"column":13},"end":{"line":46,"column":89}},"25":{"start":{"line":50,"column":8},"end":{"line":51,"column":89}},"26":{"start":{"line":50,"column":32},"end":{"line":50,"column":50}},"27":{"start":{"line":51,"column":13},"end":{"line":51,"column":89}},"28":{"start":{"line":55,"column":8},"end":{"line":55,"column":66}},"29":{"start":{"line":60,"column":7},"end":{"line":60,"column":33}},"30":{"start":{"line":64,"column":8},"end":{"line":64,"column":69}},"31":{"start":{"line":68,"column":8},"end":{"line":68,"column":66}},"32":{"start":{"line":72,"column":8},"end":{"line":72,"column":85}},"33":{"start":{"line":76,"column":29},"end":{"line":79,"column":9}},"34":{"start":{"line":81,"column":8},"end":{"line":82,"column":73}},"35":{"start":{"line":81,"column":43},"end":{"line":81,"column":101}},"36":{"start":{"line":82,"column":13},"end":{"line":82,"column":73}},"37":{"start":{"line":86,"column":8},"end":{"line":86,"column":111}},"38":{"start":{"line":90,"column":8},"end":{"line":90,"column":127}},"39":{"start":{"line":94,"column":19},"end":{"line":94,"column":66}},"40":{"start":{"line":96,"column":8},"end":{"line":103,"column":9}},"41":{"start":{"line":97,"column":12},"end":{"line":102,"column":14}},"42":{"start":{"line":105,"column":8},"end":{"line":105,"column":20}},"43":{"start":{"line":109,"column":22},"end":{"line":109,"column":39}},"44":{"start":{"line":111,"column":8},"end":{"line":115,"column":9}},"45":{"start":{"line":112,"column":32},"end":{"line":112,"column":56}},"46":{"start":{"line":113,"column":12},"end":{"line":114,"column":76}},"47":{"start":{"line":113,"column":49},"end":{"line":113,"column":87}},"48":{"start":{"line":114,"column":17},"end":{"line":114,"column":76}},"49":{"start":{"line":118,"column":38},"end":{"line":118,"column":64}},"50":{"start":{"line":119,"column":44},"end":{"line":119,"column":72}},"51":{"start":{"line":120,"column":22},"end":{"line":120,"column":70}},"52":{"start":{"line":121,"column":30},"end":{"line":121,"column":58}},"53":{"start":{"line":124,"column":8},"end":{"line":128,"column":9}},"54":{"start":{"line":125,"column":32},"end":{"line":125,"column":79}},"55":{"start":{"line":126,"column":12},"end":{"line":127,"column":76}},"56":{"start":{"line":126,"column":49},"end":{"line":126,"column":87}},"57":{"start":{"line":127,"column":17},"end":{"line":127,"column":76}},"58":{"start":{"line":130,"column":8},"end":{"line":130,"column":67}},"59":{"start":{"line":134,"column":8},"end":{"line":134,"column":116}},"60":{"start":{"line":138,"column":8},"end":{"line":138,"column":49}},"61":{"start":{"line":139,"column":8},"end":{"line":139,"column":52}},"62":{"start":{"line":140,"column":22},"end":{"line":140,"column":24}},"63":{"start":{"line":141,"column":8},"end":{"line":143,"column":9}},"64":{"start":{"line":142,"column":12},"end":{"line":142,"column":40}},"65":{"start":{"line":144,"column":8},"end":{"line":144,"column":52}},"66":{"start":{"line":145,"column":8},"end":{"line":145,"column":36}},"67":{"start":{"line":147,"column":8},"end":{"line":147,"column":21}},"68":{"start":{"line":151,"column":8},"end":{"line":153,"column":81}},"69":{"start":{"line":157,"column":24},"end":{"line":157,"column":26}},"70":{"start":{"line":157,"column":43},"end":{"line":157,"column":47}},"71":{"start":{"line":159,"column":8},"end":{"line":159,"column":36}},"72":{"start":{"line":160,"column":8},"end":{"line":165,"column":9}},"73":{"start":{"line":161,"column":12},"end":{"line":161,"column":48}},"74":{"start":{"line":161,"column":42},"end":{"line":161,"column":48}},"75":{"start":{"line":162,"column":12},"end":{"line":162,"column":81}},"76":{"start":{"line":162,"column":26},"end":{"line":162,"column":43}},"77":{"start":{"line":162,"column":49},"end":{"line":162,"column":81}},"78":{"start":{"line":163,"column":12},"end":{"line":163,"column":48}},"79":{"start":{"line":163,"column":42},"end":{"line":163,"column":48}},"80":{"start":{"line":164,"column":12},"end":{"line":164,"column":44}},"81":{"start":{"line":166,"column":8},"end":{"line":166,"column":35}},"82":{"start":{"line":168,"column":8},"end":{"line":168,"column":23}},"83":{"start":{"line":172,"column":20},"end":{"line":172,"column":37}},"84":{"start":{"line":173,"column":8},"end":{"line":173,"column":43}},"85":{"start":{"line":173,"column":30},"end":{"line":173,"column":43}},"86":{"start":{"line":175,"column":8},"end":{"line":175,"column":67}},"87":{"start":{"line":179,"column":8},"end":{"line":179,"column":71}},"88":{"start":{"line":183,"column":8},"end":{"line":183,"column":48}},"89":{"start":{"line":187,"column":8},"end":{"line":187,"column":60}},"90":{"start":{"line":191,"column":22},"end":{"line":191,"column":39}},"91":{"start":{"line":193,"column":8},"end":{"line":197,"column":9}},"92":{"start":{"line":194,"column":27},"end":{"line":194,"column":47}},"93":{"start":{"line":195,"column":12},"end":{"line":196,"column":76}},"94":{"start":{"line":195,"column":44},"end":{"line":195,"column":77}},"95":{"start":{"line":196,"column":17},"end":{"line":196,"column":76}},"96":{"start":{"line":199,"column":8},"end":{"line":208,"column":9}},"97":{"start":{"line":200,"column":30},"end":{"line":200,"column":62}},"98":{"start":{"line":201,"column":12},"end":{"line":205,"column":13}},"99":{"start":{"line":202,"column":16},"end":{"line":202,"column":61}},"100":{"start":{"line":203,"column":16},"end":{"line":203,"column":73}},"101":{"start":{"line":204,"column":16},"end":{"line":204,"column":35}},"102":{"start":{"line":207,"column":12},"end":{"line":207,"column":71}},"103":{"start":{"line":210,"column":8},"end":{"line":210,"column":68}},"104":{"start":{"line":214,"column":24},"end":{"line":214,"column":26}},"105":{"start":{"line":216,"column":8},"end":{"line":216,"column":54}},"106":{"start":{"line":217,"column":8},"end":{"line":219,"column":9}},"107":{"start":{"line":218,"column":12},"end":{"line":218,"column":42}},"108":{"start":{"line":220,"column":8},"end":{"line":220,"column":36}},"109":{"start":{"line":222,"column":8},"end":{"line":222,"column":59}},"110":{"start":{"line":226,"column":24},"end":{"line":226,"column":44}},"111":{"start":{"line":227,"column":0},"end":{"line":229,"column":3}},"112":{"start":{"line":228,"column":4},"end":{"line":228,"column":55}},"113":{"start":{"line":231,"column":0},"end":{"line":231,"column":24}}},"fnMap":{"0":{"name":"(anonymous_0)","decl":{"start":{"line":9,"column":4},"end":{"line":9,"column":5}},"loc":{"start":{"line":9,"column":23},"end":{"line":13,"column":5}},"line":9},"1":{"name":"(anonymous_1)","decl":{"start":{"line":15,"column":4},"end":{"line":15,"column":5}},"loc":{"start":{"line":15,"column":33},"end":{"line":22,"column":5}},"line":15},"2":{"name":"(anonymous_2)","decl":{"start":{"line":18,"column":41},"end":{"line":18,"column":42}},"loc":{"start":{"line":18,"column":59},"end":{"line":20,"column":9}},"line":18},"3":{"name":"(anonymous_3)","decl":{"start":{"line":21,"column":38},"end":{"line":21,"column":39}},"loc":{"start":{"line":21,"column":44},"end":{"line":21,"column":67}},"line":21},"4":{"name":"(anonymous_4)","decl":{"start":{"line":24,"column":4},"end":{"line":24,"column":5}},"loc":{"start":{"line":24,"column":24},"end":{"line":27,"column":5}},"line":24},"5":{"name":"(anonymous_5)","decl":{"start":{"line":29,"column":4},"end":{"line":29,"column":5}},"loc":{"start":{"line":29,"column":19},"end":{"line":32,"column":5}},"line":29},"6":{"name":"(anonymous_6)","decl":{"start":{"line":34,"column":4},"end":{"line":34,"column":5}},"loc":{"start":{"line":34,"column":18},"end":{"line":37,"column":5}},"line":34},"7":{"name":"(anonymous_7)","decl":{"start":{"line":39,"column":4},"end":{"line":39,"column":5}},"loc":{"start":{"line":39,"column":26},"end":{"line":42,"column":5}},"line":39},"8":{"name":"(anonymous_8)","decl":{"start":{"line":44,"column":4},"end":{"line":44,"column":5}},"loc":{"start":{"line":44,"column":21},"end":{"line":47,"column":5}},"line":44},"9":{"name":"(anonymous_9)","decl":{"start":{"line":49,"column":4},"end":{"line":49,"column":5}},"loc":{"start":{"line":49,"column":20},"end":{"line":52,"column":5}},"line":49},"10":{"name":"(anonymous_10)","decl":{"start":{"line":54,"column":4},"end":{"line":54,"column":5}},"loc":{"start":{"line":54,"column":27},"end":{"line":56,"column":5}},"line":54},"11":{"name":"(anonymous_11)","decl":{"start":{"line":59,"column":4},"end":{"line":59,"column":5}},"loc":{"start":{"line":59,"column":22},"end":{"line":61,"column":5}},"line":59},"12":{"name":"(anonymous_12)","decl":{"start":{"line":63,"column":4},"end":{"line":63,"column":5}},"loc":{"start":{"line":63,"column":18},"end":{"line":65,"column":5}},"line":63},"13":{"name":"(anonymous_13)","decl":{"start":{"line":67,"column":4},"end":{"line":67,"column":5}},"loc":{"start":{"line":67,"column":14},"end":{"line":69,"column":5}},"line":67},"14":{"name":"(anonymous_14)","decl":{"start":{"line":71,"column":4},"end":{"line":71,"column":5}},"loc":{"start":{"line":71,"column":15},"end":{"line":73,"column":5}},"line":71},"15":{"name":"(anonymous_15)","decl":{"start":{"line":75,"column":4},"end":{"line":75,"column":5}},"loc":{"start":{"line":75,"column":33},"end":{"line":83,"column":5}},"line":75},"16":{"name":"(anonymous_16)","decl":{"start":{"line":85,"column":4},"end":{"line":85,"column":5}},"loc":{"start":{"line":85,"column":21},"end":{"line":87,"column":5}},"line":85},"17":{"name":"(anonymous_17)","decl":{"start":{"line":89,"column":4},"end":{"line":89,"column":5}},"loc":{"start":{"line":89,"column":37},"end":{"line":91,"column":5}},"line":89},"18":{"name":"(anonymous_18)","decl":{"start":{"line":93,"column":4},"end":{"line":93,"column":5}},"loc":{"start":{"line":93,"column":65},"end":{"line":106,"column":5}},"line":93},"19":{"name":"(anonymous_19)","decl":{"start":{"line":108,"column":4},"end":{"line":108,"column":5}},"loc":{"start":{"line":108,"column":23},"end":{"line":131,"column":5}},"line":108},"20":{"name":"(anonymous_20)","decl":{"start":{"line":133,"column":4},"end":{"line":133,"column":5}},"loc":{"start":{"line":133,"column":31},"end":{"line":135,"column":5}},"line":133},"21":{"name":"(anonymous_21)","decl":{"start":{"line":137,"column":4},"end":{"line":137,"column":5}},"loc":{"start":{"line":137,"column":29},"end":{"line":148,"column":5}},"line":137},"22":{"name":"(anonymous_22)","decl":{"start":{"line":150,"column":4},"end":{"line":150,"column":5}},"loc":{"start":{"line":150,"column":19},"end":{"line":154,"column":5}},"line":150},"23":{"name":"(anonymous_23)","decl":{"start":{"line":156,"column":4},"end":{"line":156,"column":5}},"loc":{"start":{"line":156,"column":62},"end":{"line":169,"column":5}},"line":156},"24":{"name":"(anonymous_24)","decl":{"start":{"line":171,"column":4},"end":{"line":171,"column":5}},"loc":{"start":{"line":171,"column":46},"end":{"line":176,"column":5}},"line":171},"25":{"name":"(anonymous_25)","decl":{"start":{"line":178,"column":4},"end":{"line":178,"column":5}},"loc":{"start":{"line":178,"column":26},"end":{"line":180,"column":5}},"line":178},"26":{"name":"(anonymous_26)","decl":{"start":{"line":182,"column":4},"end":{"line":182,"column":5}},"loc":{"start":{"line":182,"column":18},"end":{"line":184,"column":5}},"line":182},"27":{"name":"(anonymous_27)","decl":{"start":{"line":186,"column":4},"end":{"line":186,"column":5}},"loc":{"start":{"line":186,"column":30},"end":{"line":188,"column":5}},"line":186},"28":{"name":"(anonymous_28)","decl":{"start":{"line":190,"column":4},"end":{"line":190,"column":5}},"loc":{"start":{"line":190,"column":15},"end":{"line":211,"column":5}},"line":190},"29":{"name":"(anonymous_29)","decl":{"start":{"line":213,"column":4},"end":{"line":213,"column":5}},"loc":{"start":{"line":213,"column":19},"end":{"line":223,"column":5}},"line":213},"30":{"name":"(anonymous_30)","decl":{"start":{"line":227,"column":24},"end":{"line":227,"column":25}},"loc":{"start":{"line":227,"column":52},"end":{"line":229,"column":1}},"line":227}},"branchMap":{"0":{"loc":{"start":{"line":26,"column":15},"end":{"line":26,"column":84}},"type":"binary-expr","locations":[{"start":{"line":26,"column":15},"end":{"line":26,"column":20}},{"start":{"line":26,"column":24},"end":{"line":26,"column":59}},{"start":{"line":26,"column":64},"end":{"line":26,"column":83}}],"line":26},"1":{"loc":{"start":{"line":31,"column":15},"end":{"line":31,"column":79}},"type":"binary-expr","locations":[{"start":{"line":31,"column":15},"end":{"line":31,"column":20}},{"start":{"line":31,"column":24},"end":{"line":31,"column":56}},{"start":{"line":31,"column":61},"end":{"line":31,"column":78}}],"line":31},"2":{"loc":{"start":{"line":36,"column":15},"end":{"line":36,"column":78}},"type":"binary-expr","locations":[{"start":{"line":36,"column":15},"end":{"line":36,"column":20}},{"start":{"line":36,"column":24},"end":{"line":36,"column":55}},{"start":{"line":36,"column":60},"end":{"line":36,"column":77}}],"line":36},"3":{"loc":{"start":{"line":40,"column":8},"end":{"line":41,"column":89}},"type":"if","locations":[{"start":{"line":40,"column":8},"end":{"line":41,"column":89}},{"start":{"line":40,"column":8},"end":{"line":41,"column":89}}],"line":40},"4":{"loc":{"start":{"line":45,"column":8},"end":{"line":46,"column":89}},"type":"if","locations":[{"start":{"line":45,"column":8},"end":{"line":46,"column":89}},{"start":{"line":45,"column":8},"end":{"line":46,"column":89}}],"line":45},"5":{"loc":{"start":{"line":50,"column":8},"end":{"line":51,"column":89}},"type":"if","locations":[{"start":{"line":50,"column":8},"end":{"line":51,"column":89}},{"start":{"line":50,"column":8},"end":{"line":51,"column":89}}],"line":50},"6":{"loc":{"start":{"line":55,"column":15},"end":{"line":55,"column":65}},"type":"cond-expr","locations":[{"start":{"line":55,"column":35},"end":{"line":55,"column":58}},{"start":{"line":55,"column":61},"end":{"line":55,"column":65}}],"line":55},"7":{"loc":{"start":{"line":81,"column":8},"end":{"line":82,"column":73}},"type":"if","locations":[{"start":{"line":81,"column":8},"end":{"line":82,"column":73}},{"start":{"line":81,"column":8},"end":{"line":82,"column":73}}],"line":81},"8":{"loc":{"start":{"line":96,"column":15},"end":{"line":96,"column":96}},"type":"binary-expr","locations":[{"start":{"line":96,"column":15},"end":{"line":96,"column":42}},{"start":{"line":96,"column":46},"end":{"line":96,"column":96}}],"line":96},"9":{"loc":{"start":{"line":111,"column":8},"end":{"line":115,"column":9}},"type":"if","locations":[{"start":{"line":111,"column":8},"end":{"line":115,"column":9}},{"start":{"line":111,"column":8},"end":{"line":115,"column":9}}],"line":111},"10":{"loc":{"start":{"line":113,"column":12},"end":{"line":114,"column":76}},"type":"if","locations":[{"start":{"line":113,"column":12},"end":{"line":114,"column":76}},{"start":{"line":113,"column":12},"end":{"line":114,"column":76}}],"line":113},"11":{"loc":{"start":{"line":124,"column":8},"end":{"line":128,"column":9}},"type":"if","locations":[{"start":{"line":124,"column":8},"end":{"line":128,"column":9}},{"start":{"line":124,"column":8},"end":{"line":128,"column":9}}],"line":124},"12":{"loc":{"start":{"line":126,"column":12},"end":{"line":127,"column":76}},"type":"if","locations":[{"start":{"line":126,"column":12},"end":{"line":127,"column":76}},{"start":{"line":126,"column":12},"end":{"line":127,"column":76}}],"line":126},"13":{"loc":{"start":{"line":134,"column":15},"end":{"line":134,"column":115}},"type":"binary-expr","locations":[{"start":{"line":134,"column":15},"end":{"line":134,"column":45}},{"start":{"line":134,"column":49},"end":{"line":134,"column":79}},{"start":{"line":134,"column":83},"end":{"line":134,"column":115}}],"line":134},"14":{"loc":{"start":{"line":141,"column":15},"end":{"line":141,"column":94}},"type":"binary-expr","locations":[{"start":{"line":141,"column":15},"end":{"line":141,"column":42}},{"start":{"line":141,"column":46},"end":{"line":141,"column":94}}],"line":141},"15":{"loc":{"start":{"line":151,"column":16},"end":{"line":153,"column":80}},"type":"cond-expr","locations":[{"start":{"line":152,"column":18},"end":{"line":152,"column":41}},{"start":{"line":153,"column":18},"end":{"line":153,"column":80}}],"line":151},"16":{"loc":{"start":{"line":161,"column":12},"end":{"line":161,"column":48}},"type":"if","locations":[{"start":{"line":161,"column":12},"end":{"line":161,"column":48}},{"start":{"line":161,"column":12},"end":{"line":161,"column":48}}],"line":161},"17":{"loc":{"start":{"line":162,"column":12},"end":{"line":162,"column":81}},"type":"if","locations":[{"start":{"line":162,"column":12},"end":{"line":162,"column":81}},{"start":{"line":162,"column":12},"end":{"line":162,"column":81}}],"line":162},"18":{"loc":{"start":{"line":163,"column":12},"end":{"line":163,"column":48}},"type":"if","locations":[{"start":{"line":163,"column":12},"end":{"line":163,"column":48}},{"start":{"line":163,"column":12},"end":{"line":163,"column":48}}],"line":163},"19":{"loc":{"start":{"line":173,"column":8},"end":{"line":173,"column":43}},"type":"if","locations":[{"start":{"line":173,"column":8},"end":{"line":173,"column":43}},{"start":{"line":173,"column":8},"end":{"line":173,"column":43}}],"line":173},"20":{"loc":{"start":{"line":193,"column":8},"end":{"line":197,"column":9}},"type":"if","locations":[{"start":{"line":193,"column":8},"end":{"line":197,"column":9}},{"start":{"line":193,"column":8},"end":{"line":197,"column":9}}],"line":193},"21":{"loc":{"start":{"line":195,"column":12},"end":{"line":196,"column":76}},"type":"if","locations":[{"start":{"line":195,"column":12},"end":{"line":196,"column":76}},{"start":{"line":195,"column":12},"end":{"line":196,"column":76}}],"line":195},"22":{"loc":{"start":{"line":199,"column":8},"end":{"line":208,"column":9}},"type":"if","locations":[{"start":{"line":199,"column":8},"end":{"line":208,"column":9}},{"start":{"line":199,"column":8},"end":{"line":208,"column":9}}],"line":199},"23":{"loc":{"start":{"line":201,"column":12},"end":{"line":205,"column":13}},"type":"if","locations":[{"start":{"line":201,"column":12},"end":{"line":205,"column":13}},{"start":{"line":201,"column":12},"end":{"line":205,"column":13}}],"line":201}},"s":{"0":17,"1":17,"2":17,"3":17,"4":17,"5":74,"6":74,"7":74,"8":74,"9":74,"10":56,"11":74,"12":68,"13":262,"14":262,"15":24,"16":24,"17":78,"18":78,"19":204,"20":194,"21":10,"22":22,"23":20,"24":2,"25":75,"26":74,"27":1,"28":14,"29":61,"30":61,"31":63,"32":63,"33":68,"34":68,"35":55,"36":13,"37":63,"38":72,"39":390,"40":378,"41":32,"42":378,"43":110,"44":110,"45":91,"46":91,"47":91,"48":0,"49":19,"50":19,"51":19,"52":19,"53":19,"54":17,"55":17,"56":17,"57":0,"58":2,"59":17,"60":16,"61":16,"62":16,"63":16,"64":16,"65":16,"66":16,"67":16,"68":25,"69":15,"70":15,"71":15,"72":15,"73":33,"74":13,"75":20,"76":10,"77":10,"78":20,"79":0,"80":20,"81":15,"82":13,"83":20,"84":20,"85":20,"86":0,"87":1,"88":4,"89":15,"90":21,"91":21,"92":21,"93":21,"94":21,"95":0,"96":0,"97":0,"98":0,"99":0,"100":0,"101":0,"102":0,"103":0,"104":0,"105":0,"106":0,"107":0,"108":0,"109":0,"110":17,"111":17,"112":51,"113":17},"f":{"0":74,"1":74,"2":56,"3":68,"4":262,"5":24,"6":78,"7":204,"8":22,"9":75,"10":14,"11":61,"12":61,"13":63,"14":63,"15":68,"16":63,"17":72,"18":390,"19":110,"20":17,"21":16,"22":25,"23":15,"24":20,"25":1,"26":4,"27":15,"28":21,"29":0,"30":51},"b":{"0":[262,260,224],"1":[24,24,23],"2":[78,78,77],"3":[194,10],"4":[20,2],"5":[74,1],"6":[12,2],"7":[55,13],"8":[410,404],"9":[91,19],"10":[91,0],"11":[17,2],"12":[17,0],"13":[17,4,2],"14":[32,32],"15":[24,1],"16":[13,20],"17":[10,10],"18":[0,20],"19":[20,0],"20":[21,0],"21":[21,0],"22":[0,0],"23":[0,0]},"_coverageSchema":"332fd63041d2c1bcb487cc26dd0d5f7d97098a6c","hash":"f3898a6404d2c02f7725be4cfcba69ae98e91228"}
,"/Users/karounwi.anuoluwapo/Documents/personal work/yorlang/parsers/parser_helper_function.js": {"path":"/Users/karounwi.anuoluwapo/Documents/personal work/yorlang/parsers/parser_helper_function.js","statementMap":{"0":{"start":{"line":1,"column":18},"end":{"line":1,"column":44}},"1":{"start":{"line":2,"column":18},"end":{"line":2,"column":56}},"2":{"start":{"line":4,"column":15},"end":{"line":4,"column":17}},"3":{"start":{"line":5,"column":0},"end":{"line":5,"column":61}},"4":{"start":{"line":6,"column":0},"end":{"line":6,"column":85}},"5":{"start":{"line":7,"column":0},"end":{"line":7,"column":99}},"6":{"start":{"line":9,"column":0},"end":{"line":9,"column":24}}},"fnMap":{},"branchMap":{},"s":{"0":17,"1":17,"2":17,"3":17,"4":17,"5":17,"6":17},"f":{},"b":{},"_coverageSchema":"332fd63041d2c1bcb487cc26dd0d5f7d97098a6c","hash":"af21dccf8a3981cef09ef458b8c99e56b4e9ffbe"}
,"/Users/karounwi.anuoluwapo/Documents/personal work/yorlang/parsers/keywordnodes/kwnodefun.js": {"path":"/Users/karounwi.anuoluwapo/Documents/personal work/yorlang/parsers/keywordnodes/kwnodefun.js","statementMap":{"0":{"start":{"line":1,"column":18},"end":{"line":1,"column":47}},"1":{"start":{"line":2,"column":17},"end":{"line":2,"column":42}},"2":{"start":{"line":3,"column":18},"end":{"line":3,"column":42}},"3":{"start":{"line":8,"column":8},"end":{"line":8,"column":15}},"4":{"start":{"line":9,"column":8},"end":{"line":11,"column":9}},"5":{"start":{"line":10,"column":12},"end":{"line":10,"column":76}},"6":{"start":{"line":15,"column":8},"end":{"line":15,"column":43}},"7":{"start":{"line":16,"column":8},"end":{"line":16,"column":54}},"8":{"start":{"line":18,"column":21},"end":{"line":18,"column":48}},"9":{"start":{"line":20,"column":8},"end":{"line":22,"column":9}},"10":{"start":{"line":21,"column":12},"end":{"line":21,"column":43}},"11":{"start":{"line":24,"column":8},"end":{"line":24,"column":82}},"12":{"start":{"line":29,"column":8},"end":{"line":29,"column":52}},"13":{"start":{"line":33,"column":21},"end":{"line":36,"column":9}},"14":{"start":{"line":41,"column":8},"end":{"line":41,"column":46}},"15":{"start":{"line":42,"column":8},"end":{"line":42,"column":48}},"16":{"start":{"line":43,"column":8},"end":{"line":43,"column":45}},"17":{"start":{"line":45,"column":8},"end":{"line":45,"column":65}},"18":{"start":{"line":47,"column":8},"end":{"line":47,"column":53}},"19":{"start":{"line":49,"column":8},"end":{"line":50,"column":86}},"20":{"start":{"line":50,"column":12},"end":{"line":50,"column":86}},"21":{"start":{"line":52,"column":8},"end":{"line":52,"column":54}},"22":{"start":{"line":53,"column":8},"end":{"line":53,"column":54}},"23":{"start":{"line":55,"column":8},"end":{"line":55,"column":20}},"24":{"start":{"line":59,"column":30},"end":{"line":59,"column":53}},"25":{"start":{"line":61,"column":8},"end":{"line":68,"column":9}},"26":{"start":{"line":65,"column":12},"end":{"line":67,"column":13}},"27":{"start":{"line":66,"column":16},"end":{"line":66,"column":29}},"28":{"start":{"line":70,"column":8},"end":{"line":70,"column":20}},"29":{"start":{"line":74,"column":0},"end":{"line":74,"column":33}}},"fnMap":{"0":{"name":"(anonymous_0)","decl":{"start":{"line":7,"column":4},"end":{"line":7,"column":5}},"loc":{"start":{"line":7,"column":18},"end":{"line":12,"column":5}},"line":7},"1":{"name":"(anonymous_1)","decl":{"start":{"line":14,"column":4},"end":{"line":14,"column":5}},"loc":{"start":{"line":14,"column":14},"end":{"line":25,"column":5}},"line":14},"2":{"name":"(anonymous_2)","decl":{"start":{"line":27,"column":4},"end":{"line":27,"column":5}},"loc":{"start":{"line":27,"column":38},"end":{"line":30,"column":5}},"line":27},"3":{"name":"(anonymous_3)","decl":{"start":{"line":32,"column":4},"end":{"line":32,"column":5}},"loc":{"start":{"line":32,"column":23},"end":{"line":56,"column":5}},"line":32},"4":{"name":"(anonymous_4)","decl":{"start":{"line":58,"column":4},"end":{"line":58,"column":5}},"loc":{"start":{"line":58,"column":44},"end":{"line":71,"column":5}},"line":58}},"branchMap":{"0":{"loc":{"start":{"line":9,"column":8},"end":{"line":11,"column":9}},"type":"if","locations":[{"start":{"line":9,"column":8},"end":{"line":11,"column":9}},{"start":{"line":9,"column":8},"end":{"line":11,"column":9}}],"line":9},"1":{"loc":{"start":{"line":20,"column":8},"end":{"line":22,"column":9}},"type":"if","locations":[{"start":{"line":20,"column":8},"end":{"line":22,"column":9}},{"start":{"line":20,"column":8},"end":{"line":22,"column":9}}],"line":20},"2":{"loc":{"start":{"line":49,"column":8},"end":{"line":50,"column":86}},"type":"if","locations":[{"start":{"line":49,"column":8},"end":{"line":50,"column":86}},{"start":{"line":49,"column":8},"end":{"line":50,"column":86}}],"line":49},"3":{"loc":{"start":{"line":61,"column":8},"end":{"line":68,"column":9}},"type":"if","locations":[{"start":{"line":61,"column":8},"end":{"line":68,"column":9}},{"start":{"line":61,"column":8},"end":{"line":68,"column":9}}],"line":61},"4":{"loc":{"start":{"line":65,"column":12},"end":{"line":67,"column":13}},"type":"if","locations":[{"start":{"line":65,"column":12},"end":{"line":67,"column":13}},{"start":{"line":65,"column":12},"end":{"line":67,"column":13}}],"line":65}},"s":{"0":17,"1":17,"2":17,"3":17,"4":17,"5":0,"6":5,"7":5,"8":4,"9":4,"10":4,"11":0,"12":4,"13":4,"14":4,"15":4,"16":4,"17":4,"18":4,"19":4,"20":0,"21":4,"22":4,"23":4,"24":4,"25":4,"26":4,"27":4,"28":0,"29":17},"f":{"0":17,"1":5,"2":4,"3":4,"4":4},"b":{"0":[0,17],"1":[4,0],"2":[0,4],"3":[4,0],"4":[4,0]},"_coverageSchema":"332fd63041d2c1bcb487cc26dd0d5f7d97098a6c","hash":"76f61a23115d2a7bf8e43c48bc2178a77f33fedc"}
,"/Users/karounwi.anuoluwapo/Documents/personal work/yorlang/parsers/keywordnodes/kwnodeise.js": {"path":"/Users/karounwi.anuoluwapo/Documents/personal work/yorlang/parsers/keywordnodes/kwnodeise.js","statementMap":{"0":{"start":{"line":1,"column":18},"end":{"line":1,"column":47}},"1":{"start":{"line":2,"column":17},"end":{"line":2,"column":42}},"2":{"start":{"line":7,"column":8},"end":{"line":8,"column":98}},"3":{"start":{"line":8,"column":12},"end":{"line":8,"column":98}},"4":{"start":{"line":10,"column":8},"end":{"line":10,"column":43}},"5":{"start":{"line":12,"column":8},"end":{"line":20,"column":10}},"6":{"start":{"line":17,"column":75},"end":{"line":17,"column":107}},"7":{"start":{"line":24,"column":0},"end":{"line":24,"column":33}}},"fnMap":{"0":{"name":"(anonymous_0)","decl":{"start":{"line":6,"column":4},"end":{"line":6,"column":5}},"loc":{"start":{"line":6,"column":14},"end":{"line":21,"column":5}},"line":6},"1":{"name":"(anonymous_1)","decl":{"start":{"line":17,"column":64},"end":{"line":17,"column":65}},"loc":{"start":{"line":17,"column":75},"end":{"line":17,"column":107}},"line":17}},"branchMap":{"0":{"loc":{"start":{"line":7,"column":8},"end":{"line":8,"column":98}},"type":"if","locations":[{"start":{"line":7,"column":8},"end":{"line":8,"column":98}},{"start":{"line":7,"column":8},"end":{"line":8,"column":98}}],"line":7},"1":{"loc":{"start":{"line":7,"column":12},"end":{"line":7,"column":80}},"type":"binary-expr","locations":[{"start":{"line":7,"column":12},"end":{"line":7,"column":30}},{"start":{"line":7,"column":34},"end":{"line":7,"column":80}}],"line":7}},"s":{"0":17,"1":17,"2":4,"3":0,"4":4,"5":4,"6":3,"7":17},"f":{"0":4,"1":3},"b":{"0":[0,4],"1":[4,1]},"_coverageSchema":"332fd63041d2c1bcb487cc26dd0d5f7d97098a6c","hash":"c4c8a179050f53a328bd3ebcb9bbb0c494f80a50"}
,"/Users/karounwi.anuoluwapo/Documents/personal work/yorlang/parsers/keywordnodes/kwnodekuro.js": {"path":"/Users/karounwi.anuoluwapo/Documents/personal work/yorlang/parsers/keywordnodes/kwnodekuro.js","statementMap":{"0":{"start":{"line":1,"column":18},"end":{"line":1,"column":47}},"1":{"start":{"line":2,"column":17},"end":{"line":2,"column":42}},"2":{"start":{"line":7,"column":21},"end":{"line":9,"column":9}},"3":{"start":{"line":10,"column":8},"end":{"line":10,"column":65}},"4":{"start":{"line":12,"column":8},"end":{"line":12,"column":20}},"5":{"start":{"line":16,"column":0},"end":{"line":16,"column":34}}},"fnMap":{"0":{"name":"(anonymous_0)","decl":{"start":{"line":6,"column":4},"end":{"line":6,"column":5}},"loc":{"start":{"line":6,"column":14},"end":{"line":13,"column":5}},"line":6}},"branchMap":{},"s":{"0":17,"1":17,"2":4,"3":4,"4":4,"5":17},"f":{"0":4},"b":{},"_coverageSchema":"332fd63041d2c1bcb487cc26dd0d5f7d97098a6c","hash":"2b9d333d86b2354288183de427d5d2030799635c"}
,"/Users/karounwi.anuoluwapo/Documents/personal work/yorlang/parsers/keywordnodes/kwnodenigbati.js": {"path":"/Users/karounwi.anuoluwapo/Documents/personal work/yorlang/parsers/keywordnodes/kwnodenigbati.js","statementMap":{"0":{"start":{"line":1,"column":18},"end":{"line":1,"column":47}},"1":{"start":{"line":2,"column":17},"end":{"line":2,"column":42}},"2":{"start":{"line":3,"column":26},"end":{"line":3,"column":75}},"3":{"start":{"line":8,"column":8},"end":{"line":8,"column":47}},"4":{"start":{"line":10,"column":8},"end":{"line":14,"column":10}},"5":{"start":{"line":18,"column":0},"end":{"line":18,"column":37}}},"fnMap":{"0":{"name":"(anonymous_0)","decl":{"start":{"line":7,"column":4},"end":{"line":7,"column":5}},"loc":{"start":{"line":7,"column":14},"end":{"line":15,"column":5}},"line":7}},"branchMap":{},"s":{"0":17,"1":17,"2":17,"3":4,"4":4,"5":17},"f":{"0":4},"b":{},"_coverageSchema":"332fd63041d2c1bcb487cc26dd0d5f7d97098a6c","hash":"851840563f9133ca6dee67366ee1f03bba976544"}
,"/Users/karounwi.anuoluwapo/Documents/personal work/yorlang/parsers/keywordnodes/kwnodepada.js": {"path":"/Users/karounwi.anuoluwapo/Documents/personal work/yorlang/parsers/keywordnodes/kwnodepada.js","statementMap":{"0":{"start":{"line":1,"column":18},"end":{"line":1,"column":47}},"1":{"start":{"line":2,"column":17},"end":{"line":2,"column":42}},"2":{"start":{"line":7,"column":8},"end":{"line":7,"column":44}},"3":{"start":{"line":8,"column":21},"end":{"line":11,"column":9}},"4":{"start":{"line":12,"column":8},"end":{"line":12,"column":65}},"5":{"start":{"line":14,"column":8},"end":{"line":14,"column":20}},"6":{"start":{"line":18,"column":0},"end":{"line":18,"column":34}}},"fnMap":{"0":{"name":"(anonymous_0)","decl":{"start":{"line":6,"column":4},"end":{"line":6,"column":5}},"loc":{"start":{"line":6,"column":14},"end":{"line":15,"column":5}},"line":6}},"branchMap":{},"s":{"0":17,"1":17,"2":11,"3":11,"4":10,"5":10,"6":17},"f":{"0":11},"b":{},"_coverageSchema":"332fd63041d2c1bcb487cc26dd0d5f7d97098a6c","hash":"162cf32d7cbe749b10a0814e36fdceb79bf1f4a4"}
,"/Users/karounwi.anuoluwapo/Documents/personal work/yorlang/parsers/keywordnodes/kwnodes.js": {"path":"/Users/karounwi.anuoluwapo/Documents/personal work/yorlang/parsers/keywordnodes/kwnodes.js","statementMap":{"0":{"start":{"line":1,"column":18},"end":{"line":1,"column":47}},"1":{"start":{"line":2,"column":18},"end":{"line":2,"column":42}},"2":{"start":{"line":3,"column":19},"end":{"line":3,"column":45}},"3":{"start":{"line":4,"column":17},"end":{"line":4,"column":38}},"4":{"start":{"line":5,"column":22},"end":{"line":5,"column":51}},"5":{"start":{"line":6,"column":18},"end":{"line":6,"column":43}},"6":{"start":{"line":7,"column":19},"end":{"line":7,"column":45}},"7":{"start":{"line":8,"column":19},"end":{"line":8,"column":45}},"8":{"start":{"line":9,"column":18},"end":{"line":9,"column":43}},"9":{"start":{"line":10,"column":17},"end":{"line":10,"column":41}},"10":{"start":{"line":12,"column":16},"end":{"line":12,"column":18}},"11":{"start":{"line":13,"column":0},"end":{"line":13,"column":36}},"12":{"start":{"line":14,"column":0},"end":{"line":14,"column":40}},"13":{"start":{"line":15,"column":0},"end":{"line":15,"column":36}},"14":{"start":{"line":16,"column":0},"end":{"line":16,"column":46}},"15":{"start":{"line":17,"column":0},"end":{"line":17,"column":38}},"16":{"start":{"line":18,"column":0},"end":{"line":18,"column":40}},"17":{"start":{"line":19,"column":0},"end":{"line":19,"column":40}},"18":{"start":{"line":20,"column":0},"end":{"line":20,"column":38}},"19":{"start":{"line":21,"column":0},"end":{"line":21,"column":36}},"20":{"start":{"line":23,"column":0},"end":{"line":23,"column":25}}},"fnMap":{},"branchMap":{},"s":{"0":17,"1":17,"2":17,"3":17,"4":17,"5":17,"6":17,"7":17,"8":17,"9":17,"10":17,"11":17,"12":17,"13":17,"14":17,"15":17,"16":17,"17":17,"18":17,"19":17,"20":17},"f":{},"b":{},"_coverageSchema":"332fd63041d2c1bcb487cc26dd0d5f7d97098a6c","hash":"67197d2e409a8c3ddbf129bd38fc3e57ce72c235"}
,"/Users/karounwi.anuoluwapo/Documents/personal work/yorlang/parsers/keywordnodes/kwnodese.js": {"path":"/Users/karounwi.anuoluwapo/Documents/personal work/yorlang/parsers/keywordnodes/kwnodese.js","statementMap":{"0":{"start":{"line":1,"column":18},"end":{"line":1,"column":47}},"1":{"start":{"line":2,"column":17},"end":{"line":2,"column":42}},"2":{"start":{"line":3,"column":28},"end":{"line":3,"column":77}},"3":{"start":{"line":8,"column":8},"end":{"line":8,"column":15}},"4":{"start":{"line":9,"column":8},"end":{"line":11,"column":9}},"5":{"start":{"line":10,"column":12},"end":{"line":10,"column":85}},"6":{"start":{"line":15,"column":8},"end":{"line":15,"column":42}},"7":{"start":{"line":17,"column":22},"end":{"line":21,"column":9}},"8":{"start":{"line":23,"column":8},"end":{"line":26,"column":9}},"9":{"start":{"line":24,"column":12},"end":{"line":24,"column":48}},"10":{"start":{"line":25,"column":12},"end":{"line":25,"column":59}},"11":{"start":{"line":28,"column":8},"end":{"line":28,"column":20}},"12":{"start":{"line":32,"column":0},"end":{"line":32,"column":32}}},"fnMap":{"0":{"name":"(anonymous_0)","decl":{"start":{"line":7,"column":4},"end":{"line":7,"column":5}},"loc":{"start":{"line":7,"column":18},"end":{"line":12,"column":5}},"line":7},"1":{"name":"(anonymous_1)","decl":{"start":{"line":14,"column":4},"end":{"line":14,"column":5}},"loc":{"start":{"line":14,"column":14},"end":{"line":29,"column":5}},"line":14}},"branchMap":{"0":{"loc":{"start":{"line":9,"column":8},"end":{"line":11,"column":9}},"type":"if","locations":[{"start":{"line":9,"column":8},"end":{"line":11,"column":9}},{"start":{"line":9,"column":8},"end":{"line":11,"column":9}}],"line":9},"1":{"loc":{"start":{"line":23,"column":8},"end":{"line":26,"column":9}},"type":"if","locations":[{"start":{"line":23,"column":8},"end":{"line":26,"column":9}},{"start":{"line":23,"column":8},"end":{"line":26,"column":9}}],"line":23},"2":{"loc":{"start":{"line":23,"column":12},"end":{"line":23,"column":87}},"type":"binary-expr","locations":[{"start":{"line":23,"column":12},"end":{"line":23,"column":39}},{"start":{"line":23,"column":43},"end":{"line":23,"column":87}}],"line":23}},"s":{"0":17,"1":17,"2":17,"3":17,"4":17,"5":0,"6":6,"7":6,"8":5,"9":1,"10":1,"11":5,"12":17},"f":{"0":17,"1":6},"b":{"0":[0,17],"1":[1,4],"2":[5,2]},"_coverageSchema":"332fd63041d2c1bcb487cc26dd0d5f7d97098a6c","hash":"5cf0513b2cad4404bc060ad2ea0b985899b2cb53"}
,"/Users/karounwi.anuoluwapo/Documents/personal work/yorlang/parsers/keywordnodes/kwnodesope.js": {"path":"/Users/karounwi.anuoluwapo/Documents/personal work/yorlang/parsers/keywordnodes/kwnodesope.js","statementMap":{"0":{"start":{"line":1,"column":18},"end":{"line":1,"column":47}},"1":{"start":{"line":2,"column":17},"end":{"line":2,"column":42}},"2":{"start":{"line":7,"column":8},"end":{"line":7,"column":44}},"3":{"start":{"line":8,"column":21},"end":{"line":11,"column":9}},"4":{"start":{"line":12,"column":8},"end":{"line":12,"column":65}},"5":{"start":{"line":14,"column":8},"end":{"line":14,"column":20}},"6":{"start":{"line":18,"column":0},"end":{"line":18,"column":34}}},"fnMap":{"0":{"name":"(anonymous_0)","decl":{"start":{"line":6,"column":4},"end":{"line":6,"column":5}},"loc":{"start":{"line":6,"column":14},"end":{"line":15,"column":5}},"line":6}},"branchMap":{},"s":{"0":17,"1":17,"2":17,"3":17,"4":16,"5":16,"6":17},"f":{"0":17},"b":{},"_coverageSchema":"332fd63041d2c1bcb487cc26dd0d5f7d97098a6c","hash":"b0a1d3a645a90e831587f88f221459ea8444d7af"}
,"/Users/karounwi.anuoluwapo/Documents/personal work/yorlang/parsers/keywordnodes/kwnodeti.js": {"path":"/Users/karounwi.anuoluwapo/Documents/personal work/yorlang/parsers/keywordnodes/kwnodeti.js","statementMap":{"0":{"start":{"line":1,"column":18},"end":{"line":1,"column":47}},"1":{"start":{"line":2,"column":17},"end":{"line":2,"column":42}},"2":{"start":{"line":3,"column":22},"end":{"line":3,"column":65}},"3":{"start":{"line":8,"column":8},"end":{"line":8,"column":42}},"4":{"start":{"line":10,"column":22},"end":{"line":12,"column":9}},"5":{"start":{"line":14,"column":8},"end":{"line":14,"column":40}},"6":{"start":{"line":16,"column":31},"end":{"line":16,"column":54}},"7":{"start":{"line":19,"column":8},"end":{"line":27,"column":9}},"8":{"start":{"line":20,"column":12},"end":{"line":26,"column":13}},"9":{"start":{"line":21,"column":37},"end":{"line":21,"column":66}},"10":{"start":{"line":22,"column":16},"end":{"line":25,"column":91}},"11":{"start":{"line":23,"column":20},"end":{"line":23,"column":84}},"12":{"start":{"line":25,"column":20},"end":{"line":25,"column":91}},"13":{"start":{"line":29,"column":8},"end":{"line":29,"column":48}},"14":{"start":{"line":30,"column":8},"end":{"line":30,"column":45}},"15":{"start":{"line":31,"column":8},"end":{"line":31,"column":65}},"16":{"start":{"line":33,"column":8},"end":{"line":33,"column":20}},"17":{"start":{"line":37,"column":0},"end":{"line":37,"column":32}}},"fnMap":{"0":{"name":"(anonymous_0)","decl":{"start":{"line":7,"column":4},"end":{"line":7,"column":5}},"loc":{"start":{"line":7,"column":14},"end":{"line":34,"column":5}},"line":7}},"branchMap":{"0":{"loc":{"start":{"line":19,"column":8},"end":{"line":27,"column":9}},"type":"if","locations":[{"start":{"line":19,"column":8},"end":{"line":27,"column":9}},{"start":{"line":19,"column":8},"end":{"line":27,"column":9}}],"line":19},"1":{"loc":{"start":{"line":20,"column":12},"end":{"line":26,"column":13}},"type":"if","locations":[{"start":{"line":20,"column":12},"end":{"line":26,"column":13}},{"start":{"line":20,"column":12},"end":{"line":26,"column":13}}],"line":20},"2":{"loc":{"start":{"line":22,"column":16},"end":{"line":25,"column":91}},"type":"if","locations":[{"start":{"line":22,"column":16},"end":{"line":25,"column":91}},{"start":{"line":22,"column":16},"end":{"line":25,"column":91}}],"line":22}},"s":{"0":17,"1":17,"2":17,"3":20,"4":20,"5":20,"6":20,"7":20,"8":20,"9":1,"10":1,"11":1,"12":0,"13":20,"14":19,"15":18,"16":18,"17":17},"f":{"0":20},"b":{"0":[20,0],"1":[1,19],"2":[1,0]},"_coverageSchema":"332fd63041d2c1bcb487cc26dd0d5f7d97098a6c","hash":"2b6844580ff92840b0ab7eba4ad5034180e5a425"}
,"/Users/karounwi.anuoluwapo/Documents/personal work/yorlang/parsers/keywordnodes/kwnodeyi.js": {"path":"/Users/karounwi.anuoluwapo/Documents/personal work/yorlang/parsers/keywordnodes/kwnodeyi.js","statementMap":{"0":{"start":{"line":1,"column":18},"end":{"line":1,"column":47}},"1":{"start":{"line":2,"column":17},"end":{"line":2,"column":42}},"2":{"start":{"line":3,"column":28},"end":{"line":3,"column":77}},"3":{"start":{"line":8,"column":8},"end":{"line":8,"column":15}},"4":{"start":{"line":9,"column":8},"end":{"line":11,"column":9}},"5":{"start":{"line":10,"column":12},"end":{"line":10,"column":85}},"6":{"start":{"line":15,"column":26},"end":{"line":15,"column":41}},"7":{"start":{"line":16,"column":21},"end":{"line":21,"column":9}},"8":{"start":{"line":23,"column":8},"end":{"line":23,"column":42}},"9":{"start":{"line":24,"column":8},"end":{"line":24,"column":62}},"10":{"start":{"line":25,"column":8},"end":{"line":25,"column":52}},"11":{"start":{"line":27,"column":8},"end":{"line":29,"column":9}},"12":{"start":{"line":28,"column":12},"end":{"line":28,"column":57}},"13":{"start":{"line":31,"column":8},"end":{"line":38,"column":9}},"14":{"start":{"line":32,"column":12},"end":{"line":32,"column":50}},"15":{"start":{"line":33,"column":12},"end":{"line":33,"column":54}},"16":{"start":{"line":35,"column":12},"end":{"line":37,"column":13}},"17":{"start":{"line":36,"column":16},"end":{"line":36,"column":50}},"18":{"start":{"line":40,"column":8},"end":{"line":40,"column":52}},"19":{"start":{"line":42,"column":8},"end":{"line":42,"column":20}},"20":{"start":{"line":49,"column":21},"end":{"line":53,"column":9}},"21":{"start":{"line":55,"column":8},"end":{"line":55,"column":43}},"22":{"start":{"line":56,"column":8},"end":{"line":56,"column":47}},"23":{"start":{"line":57,"column":8},"end":{"line":57,"column":50}},"24":{"start":{"line":59,"column":28},"end":{"line":61,"column":89}},"25":{"start":{"line":59,"column":35},"end":{"line":61,"column":89}},"26":{"start":{"line":64,"column":8},"end":{"line":66,"column":9}},"27":{"start":{"line":65,"column":12},"end":{"line":65,"column":44}},"28":{"start":{"line":68,"column":8},"end":{"line":68,"column":20}},"29":{"start":{"line":72,"column":0},"end":{"line":72,"column":32}}},"fnMap":{"0":{"name":"(anonymous_0)","decl":{"start":{"line":7,"column":4},"end":{"line":7,"column":5}},"loc":{"start":{"line":7,"column":18},"end":{"line":12,"column":5}},"line":7},"1":{"name":"(anonymous_1)","decl":{"start":{"line":14,"column":4},"end":{"line":14,"column":5}},"loc":{"start":{"line":14,"column":14},"end":{"line":43,"column":5}},"line":14},"2":{"name":"(anonymous_2)","decl":{"start":{"line":48,"column":4},"end":{"line":48,"column":5}},"loc":{"start":{"line":48,"column":14},"end":{"line":69,"column":5}},"line":48},"3":{"name":"(anonymous_3)","decl":{"start":{"line":59,"column":28},"end":{"line":59,"column":29}},"loc":{"start":{"line":59,"column":35},"end":{"line":61,"column":89}},"line":59}},"branchMap":{"0":{"loc":{"start":{"line":9,"column":8},"end":{"line":11,"column":9}},"type":"if","locations":[{"start":{"line":9,"column":8},"end":{"line":11,"column":9}},{"start":{"line":9,"column":8},"end":{"line":11,"column":9}}],"line":9},"1":{"loc":{"start":{"line":27,"column":15},"end":{"line":27,"column":89}},"type":"binary-expr","locations":[{"start":{"line":27,"column":15},"end":{"line":27,"column":42}},{"start":{"line":27,"column":46},"end":{"line":27,"column":89}}],"line":27},"2":{"loc":{"start":{"line":31,"column":8},"end":{"line":38,"column":9}},"type":"if","locations":[{"start":{"line":31,"column":8},"end":{"line":38,"column":9}},{"start":{"line":31,"column":8},"end":{"line":38,"column":9}}],"line":31},"3":{"loc":{"start":{"line":35,"column":19},"end":{"line":35,"column":98}},"type":"binary-expr","locations":[{"start":{"line":35,"column":19},"end":{"line":35,"column":46}},{"start":{"line":35,"column":50},"end":{"line":35,"column":98}}],"line":35},"4":{"loc":{"start":{"line":59,"column":35},"end":{"line":61,"column":89}},"type":"binary-expr","locations":[{"start":{"line":59,"column":35},"end":{"line":59,"column":62}},{"start":{"line":60,"column":43},"end":{"line":60,"column":86}},{"start":{"line":61,"column":43},"end":{"line":61,"column":89}}],"line":59}},"s":{"0":17,"1":17,"2":17,"3":17,"4":17,"5":0,"6":2,"7":2,"8":2,"9":2,"10":1,"11":1,"12":2,"13":1,"14":1,"15":1,"16":1,"17":1,"18":1,"19":1,"20":2,"21":2,"22":2,"23":2,"24":2,"25":6,"26":2,"27":4,"28":2,"29":17},"f":{"0":17,"1":2,"2":2,"3":6},"b":{"0":[0,17],"1":[3,3],"2":[1,0],"3":[2,2],"4":[6,6,5]},"_coverageSchema":"332fd63041d2c1bcb487cc26dd0d5f7d97098a6c","hash":"e9b6e6e3ead52e7822ceb514fc4c8bef793c9d33"}
,"/Users/karounwi.anuoluwapo/Documents/personal work/yorlang/parsers/nodeLiterals/arraynl.js": {"path":"/Users/karounwi.anuoluwapo/Documents/personal work/yorlang/parsers/nodeLiterals/arraynl.js","statementMap":{"0":{"start":{"line":1,"column":17},"end":{"line":1,"column":42}},"1":{"start":{"line":2,"column":18},"end":{"line":2,"column":47}},"2":{"start":{"line":7,"column":19},"end":{"line":7,"column":21}},"3":{"start":{"line":8,"column":8},"end":{"line":8,"column":41}},"4":{"start":{"line":10,"column":8},"end":{"line":20,"column":9}},"5":{"start":{"line":11,"column":12},"end":{"line":14,"column":14}},"6":{"start":{"line":16,"column":12},"end":{"line":16,"column":45}},"7":{"start":{"line":17,"column":12},"end":{"line":17,"column":61}},"8":{"start":{"line":18,"column":12},"end":{"line":18,"column":49}},"9":{"start":{"line":19,"column":12},"end":{"line":19,"column":61}},"10":{"start":{"line":22,"column":8},"end":{"line":22,"column":20}},"11":{"start":{"line":26,"column":0},"end":{"line":26,"column":31}}},"fnMap":{"0":{"name":"(anonymous_0)","decl":{"start":{"line":6,"column":4},"end":{"line":6,"column":5}},"loc":{"start":{"line":6,"column":28},"end":{"line":23,"column":5}},"line":6}},"branchMap":{"0":{"loc":{"start":{"line":10,"column":8},"end":{"line":20,"column":9}},"type":"if","locations":[{"start":{"line":10,"column":8},"end":{"line":20,"column":9}},{"start":{"line":10,"column":8},"end":{"line":20,"column":9}}],"line":10}},"s":{"0":19,"1":19,"2":12,"3":12,"4":12,"5":6,"6":6,"7":6,"8":6,"9":6,"10":10,"11":19},"f":{"0":12},"b":{"0":[6,6]},"_coverageSchema":"332fd63041d2c1bcb487cc26dd0d5f7d97098a6c","hash":"287561aeb8632ae0b6de770975b04cb0d542fdf4"}
,"/Users/karounwi.anuoluwapo/Documents/personal work/yorlang/parsers/nodeLiterals/bracketexpressionnl.js": {"path":"/Users/karounwi.anuoluwapo/Documents/personal work/yorlang/parsers/nodeLiterals/bracketexpressionnl.js","statementMap":{"0":{"start":{"line":1,"column":17},"end":{"line":1,"column":42}},"1":{"start":{"line":2,"column":18},"end":{"line":2,"column":47}},"2":{"start":{"line":7,"column":8},"end":{"line":7,"column":54}},"3":{"start":{"line":8,"column":8},"end":{"line":8,"column":53}},"4":{"start":{"line":9,"column":21},"end":{"line":9,"column":43}},"5":{"start":{"line":10,"column":8},"end":{"line":10,"column":45}},"6":{"start":{"line":11,"column":8},"end":{"line":11,"column":54}},"7":{"start":{"line":13,"column":8},"end":{"line":13,"column":20}},"8":{"start":{"line":17,"column":0},"end":{"line":17,"column":43}}},"fnMap":{"0":{"name":"(anonymous_0)","decl":{"start":{"line":6,"column":4},"end":{"line":6,"column":5}},"loc":{"start":{"line":6,"column":33},"end":{"line":14,"column":5}},"line":6}},"branchMap":{"0":{"loc":{"start":{"line":6,"column":12},"end":{"line":6,"column":31}},"type":"default-arg","locations":[{"start":{"line":6,"column":27},"end":{"line":6,"column":31}}],"line":6}},"s":{"0":18,"1":18,"2":28,"3":24,"4":24,"5":24,"6":24,"7":23,"8":18},"f":{"0":28},"b":{"0":[18]},"_coverageSchema":"332fd63041d2c1bcb487cc26dd0d5f7d97098a6c","hash":"1a1aa421aeab7a108f4f11a316df6612e5f3c873"}
,"/Users/karounwi.anuoluwapo/Documents/personal work/yorlang/parsers/nodeLiterals/callIseNl.js": {"path":"/Users/karounwi.anuoluwapo/Documents/personal work/yorlang/parsers/nodeLiterals/callIseNl.js","statementMap":{"0":{"start":{"line":1,"column":17},"end":{"line":1,"column":42}},"1":{"start":{"line":2,"column":18},"end":{"line":2,"column":47}},"2":{"start":{"line":7,"column":8},"end":{"line":14,"column":10}},"3":{"start":{"line":18,"column":0},"end":{"line":18,"column":33}}},"fnMap":{"0":{"name":"(anonymous_0)","decl":{"start":{"line":6,"column":4},"end":{"line":6,"column":5}},"loc":{"start":{"line":6,"column":19},"end":{"line":15,"column":5}},"line":6}},"branchMap":{},"s":{"0":19,"1":19,"2":6,"3":19},"f":{"0":6},"b":{},"_coverageSchema":"332fd63041d2c1bcb487cc26dd0d5f7d97098a6c","hash":"b6f3c45954ba2c50f24ff336548dbe0fd8c9e99f"}
,"/Users/karounwi.anuoluwapo/Documents/personal work/yorlang/parsers/nodeLiterals/keywordnl.js": {"path":"/Users/karounwi.anuoluwapo/Documents/personal work/yorlang/parsers/nodeLiterals/keywordnl.js","statementMap":{"0":{"start":{"line":1,"column":18},"end":{"line":1,"column":47}},"1":{"start":{"line":2,"column":15},"end":{"line":2,"column":37}},"2":{"start":{"line":3,"column":17},"end":{"line":3,"column":42}},"3":{"start":{"line":8,"column":8},"end":{"line":8,"column":15}},"4":{"start":{"line":9,"column":8},"end":{"line":11,"column":9}},"5":{"start":{"line":10,"column":12},"end":{"line":10,"column":74}},"6":{"start":{"line":16,"column":8},"end":{"line":18,"column":9}},"7":{"start":{"line":17,"column":12},"end":{"line":17,"column":45}},"8":{"start":{"line":20,"column":8},"end":{"line":20,"column":94}},"9":{"start":{"line":24,"column":0},"end":{"line":24,"column":33}}},"fnMap":{"0":{"name":"(anonymous_0)","decl":{"start":{"line":7,"column":4},"end":{"line":7,"column":5}},"loc":{"start":{"line":7,"column":18},"end":{"line":12,"column":5}},"line":7},"1":{"name":"(anonymous_1)","decl":{"start":{"line":14,"column":4},"end":{"line":14,"column":5}},"loc":{"start":{"line":14,"column":14},"end":{"line":21,"column":5}},"line":14}},"branchMap":{"0":{"loc":{"start":{"line":9,"column":8},"end":{"line":11,"column":9}},"type":"if","locations":[{"start":{"line":9,"column":8},"end":{"line":11,"column":9}},{"start":{"line":9,"column":8},"end":{"line":11,"column":9}}],"line":9},"1":{"loc":{"start":{"line":16,"column":8},"end":{"line":18,"column":9}},"type":"if","locations":[{"start":{"line":16,"column":8},"end":{"line":18,"column":9}},{"start":{"line":16,"column":8},"end":{"line":18,"column":9}}],"line":16}},"s":{"0":18,"1":18,"2":18,"3":18,"4":18,"5":0,"6":5,"7":4,"8":1,"9":18},"f":{"0":18,"1":5},"b":{"0":[0,18],"1":[4,1]},"_coverageSchema":"332fd63041d2c1bcb487cc26dd0d5f7d97098a6c","hash":"a71239df3cf59a5aecdf1b301de9006e4b8027b4"}
,"/Users/karounwi.anuoluwapo/Documents/personal work/yorlang/parsers/nodeLiterals/leafnl.js": {"path":"/Users/karounwi.anuoluwapo/Documents/personal work/yorlang/parsers/nodeLiterals/leafnl.js","statementMap":{"0":{"start":{"line":1,"column":17},"end":{"line":1,"column":42}},"1":{"start":{"line":6,"column":8},"end":{"line":11,"column":9}},"2":{"start":{"line":15,"column":0},"end":{"line":15,"column":30}}},"fnMap":{"0":{"name":"(anonymous_0)","decl":{"start":{"line":5,"column":4},"end":{"line":5,"column":5}},"loc":{"start":{"line":5,"column":14},"end":{"line":12,"column":5}},"line":5}},"branchMap":{},"s":{"0":19,"1":51,"2":19},"f":{"0":51},"b":{},"_coverageSchema":"332fd63041d2c1bcb487cc26dd0d5f7d97098a6c","hash":"a1c92c0b802704dd27915e5958a546ff6b9b0513"}
,"/Users/karounwi.anuoluwapo/Documents/personal work/yorlang/parsers/nodeLiterals/nodeliterals.js": {"path":"/Users/karounwi.anuoluwapo/Documents/personal work/yorlang/parsers/nodeLiterals/nodeliterals.js","statementMap":{"0":{"start":{"line":1,"column":18},"end":{"line":1,"column":47}},"1":{"start":{"line":2,"column":15},"end":{"line":2,"column":37}},"2":{"start":{"line":3,"column":18},"end":{"line":3,"column":40}},"3":{"start":{"line":4,"column":19},"end":{"line":4,"column":45}},"4":{"start":{"line":5,"column":16},"end":{"line":5,"column":39}},"5":{"start":{"line":6,"column":18},"end":{"line":6,"column":43}},"6":{"start":{"line":7,"column":28},"end":{"line":7,"column":63}},"7":{"start":{"line":9,"column":21},"end":{"line":9,"column":23}},"8":{"start":{"line":10,"column":0},"end":{"line":10,"column":38}},"9":{"start":{"line":11,"column":0},"end":{"line":11,"column":46}},"10":{"start":{"line":12,"column":0},"end":{"line":12,"column":40}},"11":{"start":{"line":13,"column":0},"end":{"line":13,"column":40}},"12":{"start":{"line":14,"column":0},"end":{"line":14,"column":44}},"13":{"start":{"line":15,"column":0},"end":{"line":15,"column":45}},"14":{"start":{"line":16,"column":0},"end":{"line":16,"column":76}},"15":{"start":{"line":17,"column":0},"end":{"line":17,"column":85}},"16":{"start":{"line":19,"column":0},"end":{"line":19,"column":30}}},"fnMap":{},"branchMap":{},"s":{"0":17,"1":17,"2":17,"3":17,"4":17,"5":17,"6":17,"7":17,"8":17,"9":17,"10":17,"11":17,"12":17,"13":17,"14":17,"15":17,"16":17},"f":{},"b":{},"_coverageSchema":"332fd63041d2c1bcb487cc26dd0d5f7d97098a6c","hash":"cc192785b477c8fb1e9febcf6b4e65d81f29a355"}
,"/Users/karounwi.anuoluwapo/Documents/personal work/yorlang/parsers/nodeLiterals/variablenl.js": {"path":"/Users/karounwi.anuoluwapo/Documents/personal work/yorlang/parsers/nodeLiterals/variablenl.js","statementMap":{"0":{"start":{"line":1,"column":18},"end":{"line":1,"column":47}},"1":{"start":{"line":2,"column":17},"end":{"line":2,"column":42}},"2":{"start":{"line":3,"column":22},"end":{"line":3,"column":48}},"3":{"start":{"line":8,"column":29},"end":{"line":8,"column":46}},"4":{"start":{"line":10,"column":31},"end":{"line":10,"column":54}},"5":{"start":{"line":11,"column":8},"end":{"line":15,"column":9}},"6":{"start":{"line":12,"column":33},"end":{"line":12,"column":62}},"7":{"start":{"line":13,"column":12},"end":{"line":14,"column":88}},"8":{"start":{"line":13,"column":50},"end":{"line":13,"column":103}},"9":{"start":{"line":14,"column":17},"end":{"line":14,"column":88}},"10":{"start":{"line":17,"column":8},"end":{"line":20,"column":10}},"11":{"start":{"line":24,"column":0},"end":{"line":24,"column":34}}},"fnMap":{"0":{"name":"(anonymous_0)","decl":{"start":{"line":7,"column":4},"end":{"line":7,"column":5}},"loc":{"start":{"line":7,"column":14},"end":{"line":21,"column":5}},"line":7}},"branchMap":{"0":{"loc":{"start":{"line":11,"column":8},"end":{"line":15,"column":9}},"type":"if","locations":[{"start":{"line":11,"column":8},"end":{"line":15,"column":9}},{"start":{"line":11,"column":8},"end":{"line":15,"column":9}}],"line":11},"1":{"loc":{"start":{"line":13,"column":12},"end":{"line":14,"column":88}},"type":"if","locations":[{"start":{"line":13,"column":12},"end":{"line":14,"column":88}},{"start":{"line":13,"column":12},"end":{"line":14,"column":88}}],"line":13}},"s":{"0":18,"1":18,"2":18,"3":44,"4":44,"5":44,"6":6,"7":6,"8":6,"9":0,"10":38,"11":18},"f":{"0":44},"b":{"0":[6,38],"1":[6,0]},"_coverageSchema":"332fd63041d2c1bcb487cc26dd0d5f7d97098a6c","hash":"e6e7bde14885f6e678b34eab65a0e0c4e154d5c0"}
,"/Users/karounwi.anuoluwapo/Documents/personal work/yorlang/parsers/nodeLiterals/variabletypes.js": {"path":"/Users/karounwi.anuoluwapo/Documents/personal work/yorlang/parsers/nodeLiterals/variabletypes.js","statementMap":{"0":{"start":{"line":1,"column":18},"end":{"line":1,"column":47}},"1":{"start":{"line":2,"column":16},"end":{"line":2,"column":39}},"2":{"start":{"line":3,"column":18},"end":{"line":3,"column":43}},"3":{"start":{"line":5,"column":22},"end":{"line":5,"column":24}},"4":{"start":{"line":6,"column":0},"end":{"line":6,"column":51}},"5":{"start":{"line":7,"column":0},"end":{"line":7,"column":52}},"6":{"start":{"line":9,"column":0},"end":{"line":9,"column":31}}},"fnMap":{},"branchMap":{},"s":{"0":18,"1":18,"2":18,"3":18,"4":18,"5":18,"6":18},"f":{},"b":{},"_coverageSchema":"332fd63041d2c1bcb487cc26dd0d5f7d97098a6c","hash":"0ad6ece415bc3f2c547ac5940abda0b9cbcc6941"}
,"/Users/karounwi.anuoluwapo/Documents/personal work/yorlang/tests/mocks/kwnode.mock.js": {"path":"/Users/karounwi.anuoluwapo/Documents/personal work/yorlang/tests/mocks/kwnode.mock.js","statementMap":{"0":{"start":{"line":1,"column":17},"end":{"line":1,"column":53}},"1":{"start":{"line":6,"column":0},"end":{"line":6,"column":34}}},"fnMap":{},"branchMap":{},"s":{"0":1,"1":1},"f":{},"b":{},"_coverageSchema":"332fd63041d2c1bcb487cc26dd0d5f7d97098a6c","hash":"3f17bdf47519ddf88e1fb55ab88754225c17df6a"}
}
