TN:
SF:/Users/karounwi.anuoluwapo/Documents/personal work/yorlang/constants.js
FNF:0
FNH:0
DA:1,19
DA:18,19
DA:53,19
DA:76,19
DA:81,19
DA:88,19
DA:109,19
LF:7
LH:7
BRF:0
BRH:0
end_of_record
TN:
SF:/Users/karounwi.anuoluwapo/Documents/personal work/yorlang/inputstream.js
FN:5,(anonymous_0)
FN:13,(anonymous_1)
FN:26,(anonymous_2)
FN:30,(anonymous_3)
FN:34,(anonymous_4)
FN:38,(anonymous_5)
FNF:6
FNH:6
FNDA:108,(anonymous_0)
FNDA:1814,(anonymous_1)
FNDA:5817,(anonymous_2)
FNDA:19,(anonymous_3)
FNDA:526,(anonymous_4)
FNDA:2402,(anonymous_5)
DA:1,19
DA:6,108
DA:7,108
DA:8,108
DA:9,108
DA:14,1814
DA:16,1814
DA:17,40
DA:19,1774
DA:22,1814
DA:27,5817
DA:31,19
DA:35,526
DA:39,2402
DA:43,19
LF:15
LH:15
BRDA:16,0,0,40
BRDA:16,0,1,1774
BRF:2
BRH:2
end_of_record
TN:
SF:/Users/karounwi.anuoluwapo/Documents/personal work/yorlang/lexer.js
FN:5,(anonymous_0)
FN:11,(anonymous_1)
FN:15,(anonymous_2)
FN:19,(anonymous_3)
FN:23,(anonymous_4)
FN:27,(anonymous_5)
FN:31,(anonymous_6)
FN:35,(anonymous_7)
FN:45,(anonymous_8)
FN:48,(anonymous_9)
FN:60,(anonymous_10)
FN:69,(anonymous_11)
FN:71,(anonymous_12)
FN:83,(anonymous_13)
FN:84,(anonymous_14)
FN:90,(anonymous_15)
FN:108,(anonymous_16)
FN:115,(anonymous_17)
FN:121,(anonymous_18)
FN:125,(anonymous_19)
FN:129,(anonymous_20)
FNF:21
FNH:21
FNDA:103,(anonymous_0)
FNDA:1198,(anonymous_1)
FNDA:273,(anonymous_2)
FNDA:1186,(anonymous_3)
FNDA:184,(anonymous_4)
FNDA:191,(anonymous_5)
FNDA:611,(anonymous_6)
FNDA:832,(anonymous_7)
FNDA:18,(anonymous_8)
FNDA:173,(anonymous_9)
FNDA:176,(anonymous_10)
FNDA:54,(anonymous_11)
FNDA:122,(anonymous_12)
FNDA:1,(anonymous_13)
FNDA:11,(anonymous_14)
FNDA:525,(anonymous_15)
FNDA:1568,(anonymous_16)
FNDA:476,(anonymous_17)
FNDA:1,(anonymous_18)
FNDA:494,(anonymous_19)
FNDA:16,(anonymous_20)
DA:1,18
DA:6,103
DA:7,103
DA:8,103
DA:12,1198
DA:16,273
DA:20,1186
DA:24,184
DA:28,191
DA:32,611
DA:36,832
DA:38,832
DA:39,1569
DA:42,832
DA:46,18
DA:47,18
DA:48,18
DA:49,173
DA:52,18
DA:53,17
DA:55,1
DA:57,17
DA:61,176
DA:63,176
DA:70,54
DA:71,54
DA:72,122
DA:73,4
DA:74,3
DA:75,3
DA:77,118
DA:80,54
DA:84,1
DA:85,11
DA:87,1
DA:91,525
DA:92,525
DA:94,505
DA:95,505
DA:96,0
DA:97,0
DA:99,505
DA:100,489
DA:101,437
DA:102,263
DA:103,57
DA:105,1
DA:109,1568
DA:116,476
DA:117,476
DA:118,476
DA:122,1
DA:126,494
DA:130,16
DA:134,18
LF:55
LH:53
BRDA:38,0,0,2401
BRDA:38,0,1,2363
BRDA:49,1,0,17
BRDA:49,1,1,156
BRDA:52,2,0,17
BRDA:52,2,1,1
BRDA:64,3,0,90
BRDA:64,3,1,86
BRDA:72,4,0,4
BRDA:72,4,1,118
BRDA:73,5,0,1
BRDA:73,5,1,3
BRDA:92,6,0,20
BRDA:92,6,1,505
BRDA:95,7,0,0
BRDA:95,7,1,505
BRDA:99,8,0,16
BRDA:99,8,1,489
BRDA:100,9,0,52
BRDA:100,9,1,437
BRDA:101,10,0,174
BRDA:101,10,1,263
BRDA:102,11,0,206
BRDA:102,11,1,57
BRDA:103,12,0,56
BRDA:103,12,1,1
BRDA:109,13,0,1568
BRDA:109,13,1,505
BRDA:118,14,0,476
BRDA:118,14,1,18
BRF:30
BRH:29
end_of_record
TN:
SF:/Users/karounwi.anuoluwapo/Documents/personal work/yorlang/parsers/basenode.js
FN:4,(anonymous_0)
FN:10,(anonymous_1)
FNF:2
FNH:2
FNDA:268,(anonymous_0)
FNDA:1,(anonymous_1)
DA:5,268
DA:6,1
DA:11,1
DA:15,17
LF:4
LH:4
BRDA:5,0,0,1
BRDA:5,0,1,267
BRF:2
BRH:2
end_of_record
TN:
SF:/Users/karounwi.anuoluwapo/Documents/personal work/yorlang/parsers/parser.js
FN:9,(anonymous_0)
FN:15,(anonymous_1)
FN:18,(anonymous_2)
FN:21,(anonymous_3)
FN:24,(anonymous_4)
FN:29,(anonymous_5)
FN:34,(anonymous_6)
FN:39,(anonymous_7)
FN:44,(anonymous_8)
FN:49,(anonymous_9)
FN:54,(anonymous_10)
FN:59,(anonymous_11)
FN:63,(anonymous_12)
FN:67,(anonymous_13)
FN:71,(anonymous_14)
FN:75,(anonymous_15)
FN:85,(anonymous_16)
FN:89,(anonymous_17)
FN:93,(anonymous_18)
FN:108,(anonymous_19)
FN:133,(anonymous_20)
FN:137,(anonymous_21)
FN:150,(anonymous_22)
FN:156,(anonymous_23)
FN:171,(anonymous_24)
FN:178,(anonymous_25)
FN:182,(anonymous_26)
FN:186,(anonymous_27)
FN:190,(anonymous_28)
FN:213,(anonymous_29)
FN:227,(anonymous_30)
FNF:31
FNH:30
FNDA:74,(anonymous_0)
FNDA:74,(anonymous_1)
FNDA:56,(anonymous_2)
FNDA:68,(anonymous_3)
FNDA:262,(anonymous_4)
FNDA:24,(anonymous_5)
FNDA:78,(anonymous_6)
FNDA:204,(anonymous_7)
FNDA:22,(anonymous_8)
FNDA:75,(anonymous_9)
FNDA:14,(anonymous_10)
FNDA:61,(anonymous_11)
FNDA:61,(anonymous_12)
FNDA:63,(anonymous_13)
FNDA:63,(anonymous_14)
FNDA:68,(anonymous_15)
FNDA:63,(anonymous_16)
FNDA:72,(anonymous_17)
FNDA:390,(anonymous_18)
FNDA:110,(anonymous_19)
FNDA:17,(anonymous_20)
FNDA:16,(anonymous_21)
FNDA:25,(anonymous_22)
FNDA:15,(anonymous_23)
FNDA:20,(anonymous_24)
FNDA:1,(anonymous_25)
FNDA:4,(anonymous_26)
FNDA:15,(anonymous_27)
FNDA:21,(anonymous_28)
FNDA:0,(anonymous_29)
FNDA:51,(anonymous_30)
DA:1,17
DA:2,17
DA:3,17
DA:4,17
DA:5,17
DA:10,74
DA:11,74
DA:12,74
DA:17,74
DA:18,74
DA:19,56
DA:21,74
DA:25,262
DA:26,262
DA:30,24
DA:31,24
DA:35,78
DA:36,78
DA:40,204
DA:41,10
DA:45,22
DA:46,2
DA:50,75
DA:51,1
DA:55,14
DA:60,61
DA:64,61
DA:68,63
DA:72,63
DA:76,68
DA:81,68
DA:82,13
DA:86,63
DA:90,72
DA:94,390
DA:96,378
DA:97,32
DA:105,378
DA:109,110
DA:111,110
DA:112,91
DA:113,91
DA:114,0
DA:118,19
DA:119,19
DA:120,19
DA:121,19
DA:124,19
DA:125,17
DA:126,17
DA:127,0
DA:130,2
DA:134,17
DA:138,16
DA:139,16
DA:140,16
DA:141,16
DA:142,16
DA:144,16
DA:145,16
DA:147,16
DA:151,25
DA:157,15
DA:159,15
DA:160,15
DA:161,33
DA:162,20
DA:163,20
DA:164,20
DA:166,15
DA:168,13
DA:172,20
DA:173,20
DA:175,0
DA:179,1
DA:183,4
DA:187,15
DA:191,21
DA:193,21
DA:194,21
DA:195,21
DA:196,0
DA:199,0
DA:200,0
DA:201,0
DA:202,0
DA:203,0
DA:204,0
DA:207,0
DA:210,0
DA:214,0
DA:216,0
DA:217,0
DA:218,0
DA:220,0
DA:222,0
DA:226,17
DA:227,17
DA:228,51
DA:231,17
LF:100
LH:82
BRDA:26,0,0,262
BRDA:26,0,1,260
BRDA:26,0,2,224
BRDA:31,1,0,24
BRDA:31,1,1,24
BRDA:31,1,2,23
BRDA:36,2,0,78
BRDA:36,2,1,78
BRDA:36,2,2,77
BRDA:40,3,0,194
BRDA:40,3,1,10
BRDA:45,4,0,20
BRDA:45,4,1,2
BRDA:50,5,0,74
BRDA:50,5,1,1
BRDA:55,6,0,12
BRDA:55,6,1,2
BRDA:81,7,0,55
BRDA:81,7,1,13
BRDA:96,8,0,410
BRDA:96,8,1,404
BRDA:111,9,0,91
BRDA:111,9,1,19
BRDA:113,10,0,91
BRDA:113,10,1,0
BRDA:124,11,0,17
BRDA:124,11,1,2
BRDA:126,12,0,17
BRDA:126,12,1,0
BRDA:134,13,0,17
BRDA:134,13,1,4
BRDA:134,13,2,2
BRDA:141,14,0,32
BRDA:141,14,1,32
BRDA:151,15,0,24
BRDA:151,15,1,1
BRDA:161,16,0,13
BRDA:161,16,1,20
BRDA:162,17,0,10
BRDA:162,17,1,10
BRDA:163,18,0,0
BRDA:163,18,1,20
BRDA:173,19,0,20
BRDA:173,19,1,0
BRDA:193,20,0,21
BRDA:193,20,1,0
BRDA:195,21,0,21
BRDA:195,21,1,0
BRDA:199,22,0,0
BRDA:199,22,1,0
BRDA:201,23,0,0
BRDA:201,23,1,0
BRF:52
BRH:42
end_of_record
TN:
SF:/Users/karounwi.anuoluwapo/Documents/personal work/yorlang/parsers/parser_helper_function.js
FNF:0
FNH:0
DA:1,17
DA:2,17
DA:4,17
DA:5,17
DA:6,17
DA:7,17
DA:9,17
LF:7
LH:7
BRF:0
BRH:0
end_of_record
TN:
SF:/Users/karounwi.anuoluwapo/Documents/personal work/yorlang/parsers/keywordnodes/kwnodefun.js
FN:7,(anonymous_0)
FN:14,(anonymous_1)
FN:27,(anonymous_2)
FN:32,(anonymous_3)
FN:58,(anonymous_4)
FNF:5
FNH:5
FNDA:17,(anonymous_0)
FNDA:5,(anonymous_1)
FNDA:4,(anonymous_2)
FNDA:4,(anonymous_3)
FNDA:4,(anonymous_4)
DA:1,17
DA:2,17
DA:3,17
DA:8,17
DA:9,17
DA:10,0
DA:15,5
DA:16,5
DA:18,4
DA:20,4
DA:21,4
DA:24,0
DA:29,4
DA:33,4
DA:41,4
DA:42,4
DA:43,4
DA:45,4
DA:47,4
DA:49,4
DA:50,0
DA:52,4
DA:53,4
DA:55,4
DA:59,4
DA:61,4
DA:65,4
DA:66,4
DA:70,0
DA:74,17
LF:30
LH:26
BRDA:9,0,0,0
BRDA:9,0,1,17
BRDA:20,1,0,4
BRDA:20,1,1,0
BRDA:49,2,0,0
BRDA:49,2,1,4
BRDA:61,3,0,4
BRDA:61,3,1,0
BRDA:65,4,0,4
BRDA:65,4,1,0
BRF:10
BRH:5
end_of_record
TN:
SF:/Users/karounwi.anuoluwapo/Documents/personal work/yorlang/parsers/keywordnodes/kwnodeise.js
FN:6,(anonymous_0)
FN:17,(anonymous_1)
FNF:2
FNH:2
FNDA:4,(anonymous_0)
FNDA:3,(anonymous_1)
DA:1,17
DA:2,17
DA:7,4
DA:8,0
DA:10,4
DA:12,4
DA:17,3
DA:24,17
LF:8
LH:7
BRDA:7,0,0,0
BRDA:7,0,1,4
BRDA:7,1,0,4
BRDA:7,1,1,1
BRF:4
BRH:3
end_of_record
TN:
SF:/Users/karounwi.anuoluwapo/Documents/personal work/yorlang/parsers/keywordnodes/kwnodekuro.js
FN:6,(anonymous_0)
FNF:1
FNH:1
FNDA:4,(anonymous_0)
DA:1,17
DA:2,17
DA:7,4
DA:10,4
DA:12,4
DA:16,17
LF:6
LH:6
BRF:0
BRH:0
end_of_record
TN:
SF:/Users/karounwi.anuoluwapo/Documents/personal work/yorlang/parsers/keywordnodes/kwnodenigbati.js
FN:7,(anonymous_0)
FNF:1
FNH:1
FNDA:4,(anonymous_0)
DA:1,17
DA:2,17
DA:3,17
DA:8,4
DA:10,4
DA:18,17
LF:6
LH:6
BRF:0
BRH:0
end_of_record
TN:
SF:/Users/karounwi.anuoluwapo/Documents/personal work/yorlang/parsers/keywordnodes/kwnodepada.js
FN:6,(anonymous_0)
FNF:1
FNH:1
FNDA:11,(anonymous_0)
DA:1,17
DA:2,17
DA:7,11
DA:8,11
DA:12,10
DA:14,10
DA:18,17
LF:7
LH:7
BRF:0
BRH:0
end_of_record
TN:
SF:/Users/karounwi.anuoluwapo/Documents/personal work/yorlang/parsers/keywordnodes/kwnodes.js
FNF:0
FNH:0
DA:1,17
DA:2,17
DA:3,17
DA:4,17
DA:5,17
DA:6,17
DA:7,17
DA:8,17
DA:9,17
DA:10,17
DA:12,17
DA:13,17
DA:14,17
DA:15,17
DA:16,17
DA:17,17
DA:18,17
DA:19,17
DA:20,17
DA:21,17
DA:23,17
LF:21
LH:21
BRF:0
BRH:0
end_of_record
TN:
SF:/Users/karounwi.anuoluwapo/Documents/personal work/yorlang/parsers/keywordnodes/kwnodese.js
FN:7,(anonymous_0)
FN:14,(anonymous_1)
FNF:2
FNH:2
FNDA:17,(anonymous_0)
FNDA:6,(anonymous_1)
DA:1,17
DA:2,17
DA:3,17
DA:8,17
DA:9,17
DA:10,0
DA:15,6
DA:17,6
DA:23,5
DA:24,1
DA:25,1
DA:28,5
DA:32,17
LF:13
LH:12
BRDA:9,0,0,0
BRDA:9,0,1,17
BRDA:23,1,0,1
BRDA:23,1,1,4
BRDA:23,2,0,5
BRDA:23,2,1,2
BRF:6
BRH:5
end_of_record
TN:
SF:/Users/karounwi.anuoluwapo/Documents/personal work/yorlang/parsers/keywordnodes/kwnodesope.js
FN:6,(anonymous_0)
FNF:1
FNH:1
FNDA:17,(anonymous_0)
DA:1,17
DA:2,17
DA:7,17
DA:8,17
DA:12,16
DA:14,16
DA:18,17
LF:7
LH:7
BRF:0
BRH:0
end_of_record
TN:
SF:/Users/karounwi.anuoluwapo/Documents/personal work/yorlang/parsers/keywordnodes/kwnodeti.js
FN:7,(anonymous_0)
FNF:1
FNH:1
FNDA:20,(anonymous_0)
DA:1,17
DA:2,17
DA:3,17
DA:8,20
DA:10,20
DA:14,20
DA:16,20
DA:19,20
DA:20,20
DA:21,1
DA:22,1
DA:23,1
DA:25,0
DA:29,20
DA:30,19
DA:31,18
DA:33,18
DA:37,17
LF:18
LH:17
BRDA:19,0,0,20
BRDA:19,0,1,0
BRDA:20,1,0,1
BRDA:20,1,1,19
BRDA:22,2,0,1
BRDA:22,2,1,0
BRF:6
BRH:4
end_of_record
TN:
SF:/Users/karounwi.anuoluwapo/Documents/personal work/yorlang/parsers/keywordnodes/kwnodeyi.js
FN:7,(anonymous_0)
FN:14,(anonymous_1)
FN:48,(anonymous_2)
FN:59,(anonymous_3)
FNF:4
FNH:4
FNDA:17,(anonymous_0)
FNDA:2,(anonymous_1)
FNDA:2,(anonymous_2)
FNDA:6,(anonymous_3)
DA:1,17
DA:2,17
DA:3,17
DA:8,17
DA:9,17
DA:10,0
DA:15,2
DA:16,2
DA:23,2
DA:24,2
DA:25,1
DA:27,1
DA:28,2
DA:31,1
DA:32,1
DA:33,1
DA:35,1
DA:36,1
DA:40,1
DA:42,1
DA:49,2
DA:55,2
DA:56,2
DA:57,2
DA:59,6
DA:64,2
DA:65,4
DA:68,2
DA:72,17
LF:29
LH:28
BRDA:9,0,0,0
BRDA:9,0,1,17
BRDA:27,1,0,3
BRDA:27,1,1,3
BRDA:31,2,0,1
BRDA:31,2,1,0
BRDA:35,3,0,2
BRDA:35,3,1,2
BRDA:59,4,0,6
BRDA:59,4,1,6
BRDA:59,4,2,5
BRF:11
BRH:9
end_of_record
TN:
SF:/Users/karounwi.anuoluwapo/Documents/personal work/yorlang/parsers/nodeLiterals/arraynl.js
FN:6,(anonymous_0)
FNF:1
FNH:1
FNDA:12,(anonymous_0)
DA:1,19
DA:2,19
DA:7,12
DA:8,12
DA:10,12
DA:11,6
DA:16,6
DA:17,6
DA:18,6
DA:19,6
DA:22,10
DA:26,19
LF:12
LH:12
BRDA:10,0,0,6
BRDA:10,0,1,6
BRF:2
BRH:2
end_of_record
TN:
SF:/Users/karounwi.anuoluwapo/Documents/personal work/yorlang/parsers/nodeLiterals/bracketexpressionnl.js
FN:6,(anonymous_0)
FNF:1
FNH:1
FNDA:28,(anonymous_0)
DA:1,18
DA:2,18
DA:7,28
DA:8,24
DA:9,24
DA:10,24
DA:11,24
DA:13,23
DA:17,18
LF:9
LH:9
BRDA:6,0,0,18
BRF:1
BRH:1
end_of_record
TN:
SF:/Users/karounwi.anuoluwapo/Documents/personal work/yorlang/parsers/nodeLiterals/callIseNl.js
FN:6,(anonymous_0)
FNF:1
FNH:1
FNDA:6,(anonymous_0)
DA:1,19
DA:2,19
DA:7,6
DA:18,19
LF:4
LH:4
BRF:0
BRH:0
end_of_record
TN:
SF:/Users/karounwi.anuoluwapo/Documents/personal work/yorlang/parsers/nodeLiterals/keywordnl.js
FN:7,(anonymous_0)
FN:14,(anonymous_1)
FNF:2
FNH:2
FNDA:18,(anonymous_0)
FNDA:5,(anonymous_1)
DA:1,18
DA:2,18
DA:3,18
DA:8,18
DA:9,18
DA:10,0
DA:16,5
DA:17,4
DA:20,1
DA:24,18
LF:10
LH:9
BRDA:9,0,0,0
BRDA:9,0,1,18
BRDA:16,1,0,4
BRDA:16,1,1,1
BRF:4
BRH:3
end_of_record
TN:
SF:/Users/karounwi.anuoluwapo/Documents/personal work/yorlang/parsers/nodeLiterals/leafnl.js
FN:5,(anonymous_0)
FNF:1
FNH:1
FNDA:51,(anonymous_0)
DA:1,19
DA:6,51
DA:15,19
LF:3
LH:3
BRF:0
BRH:0
end_of_record
TN:
SF:/Users/karounwi.anuoluwapo/Documents/personal work/yorlang/parsers/nodeLiterals/nodeliterals.js
FNF:0
FNH:0
DA:1,17
DA:2,17
DA:3,17
DA:4,17
DA:5,17
DA:6,17
DA:7,17
DA:9,17
DA:10,17
DA:11,17
DA:12,17
DA:13,17
DA:14,17
DA:15,17
DA:16,17
DA:17,17
DA:19,17
LF:17
LH:17
BRF:0
BRH:0
end_of_record
TN:
SF:/Users/karounwi.anuoluwapo/Documents/personal work/yorlang/parsers/nodeLiterals/variablenl.js
FN:7,(anonymous_0)
FNF:1
FNH:1
FNDA:44,(anonymous_0)
DA:1,18
DA:2,18
DA:3,18
DA:8,44
DA:10,44
DA:11,44
DA:12,6
DA:13,6
DA:14,0
DA:17,38
DA:24,18
LF:11
LH:10
BRDA:11,0,0,6
BRDA:11,0,1,38
BRDA:13,1,0,6
BRDA:13,1,1,0
BRF:4
BRH:3
end_of_record
TN:
SF:/Users/karounwi.anuoluwapo/Documents/personal work/yorlang/parsers/nodeLiterals/variabletypes.js
FNF:0
FNH:0
DA:1,18
DA:2,18
DA:3,18
DA:5,18
DA:6,18
DA:7,18
DA:9,18
LF:7
LH:7
BRF:0
BRH:0
end_of_record
TN:
SF:/Users/karounwi.anuoluwapo/Documents/personal work/yorlang/tests/mocks/kwnode.mock.js
FNF:0
FNH:0
DA:1,1
DA:6,1
LF:2
LH:2
BRF:0
BRH:0
end_of_record
